[2023-11-16T08:30:05.800+0000] {taskinstance.py:1159} INFO - Dependencies all met for dep_context=non-requeueable deps ti=<TaskInstance: dag_spark_operator.submit_job manual__2023-11-16T08:30:03.453483+00:00 [queued]>
[2023-11-16T08:30:05.810+0000] {taskinstance.py:1159} INFO - Dependencies all met for dep_context=requeueable deps ti=<TaskInstance: dag_spark_operator.submit_job manual__2023-11-16T08:30:03.453483+00:00 [queued]>
[2023-11-16T08:30:05.811+0000] {taskinstance.py:1361} INFO - Starting attempt 1 of 2
[2023-11-16T08:30:05.863+0000] {taskinstance.py:1382} INFO - Executing <Task(SparkSubmitOperator): submit_job> on 2023-11-16 08:30:03.453483+00:00
[2023-11-16T08:30:05.869+0000] {standard_task_runner.py:57} INFO - Started process 617 to run task
[2023-11-16T08:30:05.874+0000] {standard_task_runner.py:84} INFO - Running: ['***', 'tasks', 'run', 'dag_spark_operator', 'submit_job', 'manual__2023-11-16T08:30:03.453483+00:00', '--job-id', '763', '--raw', '--subdir', 'DAGS_FOLDER/spark-dag.py', '--cfg-path', '/tmp/tmp6lta64d3']
[2023-11-16T08:30:05.878+0000] {standard_task_runner.py:85} INFO - Job 763: Subtask submit_job
[2023-11-16T08:30:06.046+0000] {task_command.py:416} INFO - Running <TaskInstance: dag_spark_operator.submit_job manual__2023-11-16T08:30:03.453483+00:00 [running]> on host fb42e8efe804
[2023-11-16T08:30:06.288+0000] {taskinstance.py:1662} INFO - Exporting env vars: AIRFLOW_CTX_DAG_OWNER='nguyenthung' AIRFLOW_CTX_DAG_ID='dag_spark_operator' AIRFLOW_CTX_TASK_ID='submit_job' AIRFLOW_CTX_EXECUTION_DATE='2023-11-16T08:30:03.453483+00:00' AIRFLOW_CTX_TRY_NUMBER='1' AIRFLOW_CTX_DAG_RUN_ID='manual__2023-11-16T08:30:03.453483+00:00'
[2023-11-16T08:30:06.324+0000] {base.py:73} INFO - Using connection ID 'spark_default' for task execution.
[2023-11-16T08:30:06.326+0000] {spark_submit.py:335} INFO - Spark-Submit cmd: spark-submit --master spark://master:4503 --num-executors 1 --total-executor-cores 1 --executor-cores 1 --executor-memory 2g --driver-memory 2g --name arrow-spark include/test-script.py
[2023-11-16T08:30:06.564+0000] {spark_submit.py:488} INFO - /home/***/.local/lib/python3.8/site-packages/pyspark/bin/load-spark-env.sh: line 68: ps: command not found
[2023-11-16T08:30:10.275+0000] {spark_submit.py:488} INFO - python3: can't open file '/opt/***/include/test-script.py': [Errno 2] No such file or directory
[2023-11-16T08:30:10.306+0000] {spark_submit.py:488} INFO - 23/11/16 08:30:10 INFO ShutdownHookManager: Shutdown hook called
[2023-11-16T08:30:10.311+0000] {spark_submit.py:488} INFO - 23/11/16 08:30:10 INFO ShutdownHookManager: Deleting directory /tmp/spark-0924a490-119e-4a05-ae5f-395b991ba33c
[2023-11-16T08:30:10.399+0000] {taskinstance.py:1937} ERROR - Task failed with exception
Traceback (most recent call last):
  File "/home/airflow/.local/lib/python3.8/site-packages/airflow/providers/apache/spark/operators/spark_submit.py", line 157, in execute
    self._hook.submit(self._application)
  File "/home/airflow/.local/lib/python3.8/site-packages/airflow/providers/apache/spark/hooks/spark_submit.py", line 419, in submit
    raise AirflowException(
airflow.exceptions.AirflowException: Cannot execute: spark-submit --master spark://master:4503 --num-executors 1 --total-executor-cores 1 --executor-cores 1 --executor-memory 2g --driver-memory 2g --name arrow-spark include/test-script.py. Error code is: 2.
[2023-11-16T08:30:10.406+0000] {taskinstance.py:1400} INFO - Marking task as UP_FOR_RETRY. dag_id=dag_spark_operator, task_id=submit_job, execution_date=20231116T083003, start_date=20231116T083005, end_date=20231116T083010
[2023-11-16T08:30:10.514+0000] {standard_task_runner.py:104} ERROR - Failed to execute job 763 for task submit_job (Cannot execute: spark-submit --master spark://master:4503 --num-executors 1 --total-executor-cores 1 --executor-cores 1 --executor-memory 2g --driver-memory 2g --name arrow-spark include/test-script.py. Error code is: 2.; 617)
[2023-11-16T08:30:10.543+0000] {local_task_job_runner.py:228} INFO - Task exited with return code 1
[2023-11-16T08:30:10.562+0000] {taskinstance.py:2778} INFO - 0 downstream tasks scheduled from follow-on schedule check
