[2023-11-16T13:57:15.513+0000] {taskinstance.py:1159} INFO - Dependencies all met for dep_context=non-requeueable deps ti=<TaskInstance: miai_dag.transform_phase manual__2023-11-16T13:56:58.149365+00:00 [queued]>
[2023-11-16T13:57:15.523+0000] {taskinstance.py:1159} INFO - Dependencies all met for dep_context=requeueable deps ti=<TaskInstance: miai_dag.transform_phase manual__2023-11-16T13:56:58.149365+00:00 [queued]>
[2023-11-16T13:57:15.524+0000] {taskinstance.py:1361} INFO - Starting attempt 1 of 2
[2023-11-16T13:57:15.540+0000] {taskinstance.py:1382} INFO - Executing <Task(PythonOperator): transform_phase> on 2023-11-16 13:56:58.149365+00:00
[2023-11-16T13:57:15.551+0000] {standard_task_runner.py:57} INFO - Started process 30999 to run task
[2023-11-16T13:57:15.556+0000] {standard_task_runner.py:84} INFO - Running: ['***', 'tasks', 'run', 'miai_dag', 'transform_phase', 'manual__2023-11-16T13:56:58.149365+00:00', '--job-id', '825', '--raw', '--subdir', 'DAGS_FOLDER/dag-lstm.py', '--cfg-path', '/tmp/tmp_ogf93xt']
[2023-11-16T13:57:15.560+0000] {standard_task_runner.py:85} INFO - Job 825: Subtask transform_phase
[2023-11-16T13:57:15.624+0000] {task_command.py:416} INFO - Running <TaskInstance: miai_dag.transform_phase manual__2023-11-16T13:56:58.149365+00:00 [running]> on host 4c85f18ab3d7
[2023-11-16T13:57:15.729+0000] {taskinstance.py:1662} INFO - Exporting env vars: AIRFLOW_CTX_DAG_OWNER='nguyenthung' AIRFLOW_CTX_DAG_ID='miai_dag' AIRFLOW_CTX_TASK_ID='transform_phase' AIRFLOW_CTX_EXECUTION_DATE='2023-11-16T13:56:58.149365+00:00' AIRFLOW_CTX_TRY_NUMBER='1' AIRFLOW_CTX_DAG_RUN_ID='manual__2023-11-16T13:56:58.149365+00:00'
[2023-11-16T13:57:15.823+0000] {logging_mixin.py:151} INFO -    code        date      time floor  ...       ptValue  change  adChange  pctChange
0   DIG  2023-11-16  15:11:01  HOSE  ...  7.686000e+09    1.25      1.25     5.0302
1   DIG  2023-11-15  15:11:01  HOSE  ...  0.000000e+00    0.10      0.10     0.4040
2   DIG  2023-11-14  15:11:02  HOSE  ...  0.000000e+00   -0.25     -0.25    -1.0000
3   DIG  2023-11-13  15:11:01  HOSE  ...  1.121000e+10    0.60      0.60     2.4590
4   DIG  2023-11-10  15:11:02  HOSE  ...  0.000000e+00   -0.10     -0.10    -0.4082
5   DIG  2023-11-09  15:11:02  HOSE  ...  0.000000e+00    0.60      0.60     2.5105
6   DIG  2023-11-08  15:11:01  HOSE  ...  8.428000e+09    1.55      1.55     6.9351
7   DIG  2023-11-07  15:11:01  HOSE  ...  0.000000e+00   -0.45     -0.45    -1.9737
8   DIG  2023-11-06  15:11:01  HOSE  ...  0.000000e+00    0.50      0.50     2.2422
9   DIG  2023-11-03  15:11:01  HOSE  ...  5.330000e+08    0.30      0.30     1.3636
10  DIG  2023-11-02  15:11:02  HOSE  ...  3.900000e+08    1.40      1.40     6.7961
11  DIG  2023-11-01  15:11:02  HOSE  ...  0.000000e+00    0.40      0.40     1.9802
12  DIG  2023-10-31  15:10:02  HOSE  ...  3.900000e+08   -0.05     -0.05    -0.2469
13  DIG  2023-10-30  15:10:01  HOSE  ...  0.000000e+00   -0.90     -0.90    -4.2553
14  DIG  2023-10-27  15:10:02  HOSE  ...  0.000000e+00    1.35      1.35     6.8182
15  DIG  2023-10-26  15:10:02  HOSE  ...  1.346400e+09   -1.20     -1.20    -5.7143
16  DIG  2023-10-25  15:10:02  HOSE  ...  0.000000e+00   -0.30     -0.30    -1.4085
17  DIG  2023-10-24  15:10:02  HOSE  ...  0.000000e+00    1.25      1.25     6.2344
18  DIG  2023-10-23  15:10:02  HOSE  ...  0.000000e+00   -0.30     -0.30    -1.4742
19  DIG  2023-10-20  15:10:06  HOSE  ...  0.000000e+00    1.30      1.30     6.8241
20  DIG  2023-10-19  15:10:02  HOSE  ...  5.945500e+09   -1.30     -1.30    -6.3882
21  DIG  2023-10-18  15:10:02  HOSE  ...  1.894175e+10   -1.50     -1.50    -6.8650
22  DIG  2023-10-17  15:10:02  HOSE  ...  0.000000e+00   -1.60     -1.60    -6.8230
23  DIG  2023-10-16  15:10:02  HOSE  ...  4.800000e+08   -0.25     -0.25    -1.0549
24  DIG  2023-10-13  15:10:02  HOSE  ...  4.800000e+08   -0.10     -0.10    -0.4202
25  DIG  2023-10-12  15:10:02  HOSE  ...  0.000000e+00    0.40      0.40     1.7094
26  DIG  2023-10-11  15:10:02  HOSE  ...  9.080000e+08    0.45      0.45     1.9608
27  DIG  2023-10-10  15:10:02  HOSE  ...  4.499400e+09   -0.20     -0.20    -0.8639
28  DIG  2023-10-09  15:10:02  HOSE  ...  4.536000e+09    0.85      0.85     3.8117
29  DIG  2023-10-06  15:10:01  HOSE  ...  0.000000e+00    0.50      0.50     2.2936
30  DIG  2023-10-05  15:10:01  HOSE  ...  5.000000e+08   -1.60     -1.60    -6.8376
31  DIG  2023-10-04  15:10:01  HOSE  ...  0.000000e+00    0.05      0.05     0.2141
32  DIG  2023-10-03  15:10:02  HOSE  ...  8.103000e+09   -1.75     -1.75    -6.9721
33  DIG  2023-10-02  15:10:01  HOSE  ...  0.000000e+00    0.00      0.00     0.0000
34  DIG  2023-09-29  15:09:01  HOSE  ...  6.675000e+09    0.60      0.60     2.4490
35  DIG  2023-09-28  15:09:01  HOSE  ...  5.070000e+09   -1.00     -1.00    -3.9216
36  DIG  2023-09-27  15:09:01  HOSE  ...  0.000000e+00    1.00      1.00     4.0816
37  DIG  2023-09-26  15:09:01  HOSE  ...  0.000000e+00    0.65      0.65     2.7254
38  DIG  2023-09-25  15:09:01  HOSE  ...  0.000000e+00   -1.75     -1.75    -6.8359
39  DIG  2023-09-22  15:09:01  HOSE  ...  4.420000e+09   -1.90     -1.90    -6.9091
40  DIG  2023-09-21  15:09:01  HOSE  ...  0.000000e+00   -0.80     -0.80    -2.8269
41  DIG  2023-09-20  15:09:02  HOSE  ...  0.000000e+00    0.90      0.90     3.2847
42  DIG  2023-09-19  15:09:01  HOSE  ...  0.000000e+00    0.60      0.60     2.2388
43  DIG  2023-09-18  15:09:02  HOSE  ...  0.000000e+00   -0.40     -0.40    -1.4706
44  DIG  2023-09-15  15:09:03  HOSE  ...  0.000000e+00   -0.10     -0.10    -0.3663
45  DIG  2023-09-14  15:09:03  HOSE  ...  7.798970e+08   -1.10     -1.10    -3.8732
46  DIG  2023-09-13  15:09:02  HOSE  ...  7.986400e+09   -0.55     -0.55    -1.8998
47  DIG  2023-09-12  15:09:02  HOSE  ...  0.000000e+00    1.15      1.15     4.1367
48  DIG  2023-09-11  15:09:02  HOSE  ...  1.651666e+10   -1.60     -1.60    -5.4422
49  DIG  2023-09-08  15:09:03  HOSE  ...  5.460000e+08    0.05      0.05     0.1704

[50 rows x 25 columns]
[2023-11-16T13:57:15.907+0000] {python.py:194} INFO - Done. Returned value was: True
[2023-11-16T13:57:15.935+0000] {taskinstance.py:1400} INFO - Marking task as SUCCESS. dag_id=miai_dag, task_id=transform_phase, execution_date=20231116T135658, start_date=20231116T135715, end_date=20231116T135715
[2023-11-16T13:57:15.975+0000] {local_task_job_runner.py:228} INFO - Task exited with return code 0
[2023-11-16T13:57:16.014+0000] {taskinstance.py:2778} INFO - 1 downstream tasks scheduled from follow-on schedule check
