[2023-11-18T04:33:43.170+0000] {taskinstance.py:1159} INFO - Dependencies all met for dep_context=non-requeueable deps ti=<TaskInstance: etl_procesing.train_model manual__2023-11-18T04:33:23.188592+00:00 [queued]>
[2023-11-18T04:33:43.181+0000] {taskinstance.py:1159} INFO - Dependencies all met for dep_context=requeueable deps ti=<TaskInstance: etl_procesing.train_model manual__2023-11-18T04:33:23.188592+00:00 [queued]>
[2023-11-18T04:33:43.181+0000] {taskinstance.py:1361} INFO - Starting attempt 1 of 2
[2023-11-18T04:33:43.197+0000] {taskinstance.py:1382} INFO - Executing <Task(PythonOperator): train_model> on 2023-11-18 04:33:23.188592+00:00
[2023-11-18T04:33:43.217+0000] {standard_task_runner.py:57} INFO - Started process 13162 to run task
[2023-11-18T04:33:43.227+0000] {standard_task_runner.py:84} INFO - Running: ['***', 'tasks', 'run', 'etl_procesing', 'train_model', 'manual__2023-11-18T04:33:23.188592+00:00', '--job-id', '958', '--raw', '--subdir', 'DAGS_FOLDER/dag-lstm.py', '--cfg-path', '/tmp/tmpcd47ie56']
[2023-11-18T04:33:43.232+0000] {standard_task_runner.py:85} INFO - Job 958: Subtask train_model
[2023-11-18T04:33:43.376+0000] {task_command.py:416} INFO - Running <TaskInstance: etl_procesing.train_model manual__2023-11-18T04:33:23.188592+00:00 [running]> on host 4c85f18ab3d7
[2023-11-18T04:33:43.539+0000] {taskinstance.py:1662} INFO - Exporting env vars: AIRFLOW_CTX_DAG_OWNER='nguyenthung' AIRFLOW_CTX_DAG_ID='etl_procesing' AIRFLOW_CTX_TASK_ID='train_model' AIRFLOW_CTX_EXECUTION_DATE='2023-11-18T04:33:23.188592+00:00' AIRFLOW_CTX_TRY_NUMBER='1' AIRFLOW_CTX_DAG_RUN_ID='manual__2023-11-18T04:33:23.188592+00:00'
[2023-11-18T04:33:46.236+0000] {taskinstance.py:1937} ERROR - Task failed with exception
Traceback (most recent call last):
  File "/home/airflow/.local/lib/python3.8/site-packages/airflow/operators/python.py", line 192, in execute
    return_value = self.execute_callable()
  File "/home/airflow/.local/lib/python3.8/site-packages/airflow/operators/python.py", line 209, in execute_callable
    return self.python_callable(*self.op_args, **self.op_kwargs)
  File "/opt/airflow/dags/dag-lstm.py", line 171, in train_model
    dataset_test = dataset_train[(dataset_train['date'].dt.year == 2018) | (dataset_train['date'].dt.year == 2019)]
  File "/home/airflow/.local/lib/python3.8/site-packages/pandas/core/generic.py", line 5989, in __getattr__
    return object.__getattribute__(self, name)
  File "/home/airflow/.local/lib/python3.8/site-packages/pandas/core/accessor.py", line 224, in __get__
    accessor_obj = self._accessor(obj)
  File "/home/airflow/.local/lib/python3.8/site-packages/pandas/core/indexes/accessors.py", line 580, in __new__
    raise AttributeError("Can only use .dt accessor with datetimelike values")
AttributeError: Can only use .dt accessor with datetimelike values
[2023-11-18T04:33:46.277+0000] {taskinstance.py:1400} INFO - Marking task as UP_FOR_RETRY. dag_id=etl_procesing, task_id=train_model, execution_date=20231118T043323, start_date=20231118T043343, end_date=20231118T043346
[2023-11-18T04:33:46.301+0000] {standard_task_runner.py:104} ERROR - Failed to execute job 958 for task train_model (Can only use .dt accessor with datetimelike values; 13162)
[2023-11-18T04:33:46.345+0000] {local_task_job_runner.py:228} INFO - Task exited with return code 1
[2023-11-18T04:33:46.365+0000] {taskinstance.py:2778} INFO - 0 downstream tasks scheduled from follow-on schedule check
