[2023-11-16T02:06:54.656+0000] {taskinstance.py:1159} INFO - Dependencies all met for dep_context=non-requeueable deps ti=<TaskInstance: dag_spark_operator.submit_job manual__2023-11-16T02:01:45.033758+00:00 [queued]>
[2023-11-16T02:06:54.667+0000] {taskinstance.py:1159} INFO - Dependencies all met for dep_context=requeueable deps ti=<TaskInstance: dag_spark_operator.submit_job manual__2023-11-16T02:01:45.033758+00:00 [queued]>
[2023-11-16T02:06:54.667+0000] {taskinstance.py:1361} INFO - Starting attempt 2 of 2
[2023-11-16T02:06:54.683+0000] {taskinstance.py:1382} INFO - Executing <Task(SparkSubmitOperator): submit_job> on 2023-11-16 02:01:45.033758+00:00
[2023-11-16T02:06:54.690+0000] {standard_task_runner.py:57} INFO - Started process 1491 to run task
[2023-11-16T02:06:54.695+0000] {standard_task_runner.py:84} INFO - Running: ['***', 'tasks', 'run', 'dag_spark_operator', 'submit_job', 'manual__2023-11-16T02:01:45.033758+00:00', '--job-id', '756', '--raw', '--subdir', 'DAGS_FOLDER/spark-dag.py', '--cfg-path', '/tmp/tmpvz6druxz']
[2023-11-16T02:06:54.700+0000] {standard_task_runner.py:85} INFO - Job 756: Subtask submit_job
[2023-11-16T02:06:54.771+0000] {task_command.py:416} INFO - Running <TaskInstance: dag_spark_operator.submit_job manual__2023-11-16T02:01:45.033758+00:00 [running]> on host 18910f9a3cd5
[2023-11-16T02:06:54.859+0000] {taskinstance.py:1662} INFO - Exporting env vars: AIRFLOW_CTX_DAG_OWNER='nguyenthung' AIRFLOW_CTX_DAG_ID='dag_spark_operator' AIRFLOW_CTX_TASK_ID='submit_job' AIRFLOW_CTX_EXECUTION_DATE='2023-11-16T02:01:45.033758+00:00' AIRFLOW_CTX_TRY_NUMBER='2' AIRFLOW_CTX_DAG_RUN_ID='manual__2023-11-16T02:01:45.033758+00:00'
[2023-11-16T02:06:54.872+0000] {base.py:73} INFO - Using connection ID 'spark_default' for task execution.
[2023-11-16T02:06:54.873+0000] {spark_submit.py:335} INFO - Spark-Submit cmd: spark-submit --master spark://master:4503 --num-executors 1 --total-executor-cores 1 --executor-cores 1 --executor-memory 2g --driver-memory 2g --name arrow-spark include/test-script.py
[2023-11-16T02:06:55.032+0000] {spark_submit.py:488} INFO - /home/***/.local/lib/python3.8/site-packages/pyspark/bin/load-spark-env.sh: line 68: ps: command not found
[2023-11-16T02:06:58.178+0000] {spark_submit.py:488} INFO - python3: can't open file '/opt/***/include/test-script.py': [Errno 2] No such file or directory
[2023-11-16T02:06:58.211+0000] {spark_submit.py:488} INFO - 23/11/16 02:06:58 INFO ShutdownHookManager: Shutdown hook called
[2023-11-16T02:06:58.215+0000] {spark_submit.py:488} INFO - 23/11/16 02:06:58 INFO ShutdownHookManager: Deleting directory /tmp/spark-2d947dde-1b95-4f30-a10d-ef6eddba192e
[2023-11-16T02:06:58.275+0000] {taskinstance.py:1937} ERROR - Task failed with exception
Traceback (most recent call last):
  File "/home/airflow/.local/lib/python3.8/site-packages/airflow/providers/apache/spark/operators/spark_submit.py", line 157, in execute
    self._hook.submit(self._application)
  File "/home/airflow/.local/lib/python3.8/site-packages/airflow/providers/apache/spark/hooks/spark_submit.py", line 419, in submit
    raise AirflowException(
airflow.exceptions.AirflowException: Cannot execute: spark-submit --master spark://master:4503 --num-executors 1 --total-executor-cores 1 --executor-cores 1 --executor-memory 2g --driver-memory 2g --name arrow-spark include/test-script.py. Error code is: 2.
[2023-11-16T02:06:58.280+0000] {taskinstance.py:1400} INFO - Marking task as FAILED. dag_id=dag_spark_operator, task_id=submit_job, execution_date=20231116T020145, start_date=20231116T020654, end_date=20231116T020658
[2023-11-16T02:06:58.295+0000] {standard_task_runner.py:104} ERROR - Failed to execute job 756 for task submit_job (Cannot execute: spark-submit --master spark://master:4503 --num-executors 1 --total-executor-cores 1 --executor-cores 1 --executor-memory 2g --driver-memory 2g --name arrow-spark include/test-script.py. Error code is: 2.; 1491)
[2023-11-16T02:06:58.322+0000] {local_task_job_runner.py:228} INFO - Task exited with return code 1
[2023-11-16T02:06:58.343+0000] {taskinstance.py:2778} INFO - 0 downstream tasks scheduled from follow-on schedule check
