[2023-11-16T12:53:42.084+0000] {taskinstance.py:1159} INFO - Dependencies all met for dep_context=non-requeueable deps ti=<TaskInstance: miai_dag.caculate_square_amount scheduled__2023-11-15T12:53:18.642756+00:00 [queued]>
[2023-11-16T12:53:42.110+0000] {taskinstance.py:1159} INFO - Dependencies all met for dep_context=requeueable deps ti=<TaskInstance: miai_dag.caculate_square_amount scheduled__2023-11-15T12:53:18.642756+00:00 [queued]>
[2023-11-16T12:53:42.111+0000] {taskinstance.py:1361} INFO - Starting attempt 1 of 2
[2023-11-16T12:53:42.133+0000] {taskinstance.py:1382} INFO - Executing <Task(PythonOperator): caculate_square_amount> on 2023-11-15 12:53:18.642756+00:00
[2023-11-16T12:53:42.148+0000] {standard_task_runner.py:57} INFO - Started process 19831 to run task
[2023-11-16T12:53:42.169+0000] {standard_task_runner.py:84} INFO - Running: ['***', 'tasks', 'run', 'miai_dag', 'caculate_square_amount', 'scheduled__2023-11-15T12:53:18.642756+00:00', '--job-id', '809', '--raw', '--subdir', 'DAGS_FOLDER/dag-lstm.py', '--cfg-path', '/tmp/tmpu2gdu9le']
[2023-11-16T12:53:42.174+0000] {standard_task_runner.py:85} INFO - Job 809: Subtask caculate_square_amount
[2023-11-16T12:53:42.256+0000] {task_command.py:416} INFO - Running <TaskInstance: miai_dag.caculate_square_amount scheduled__2023-11-15T12:53:18.642756+00:00 [running]> on host 4c85f18ab3d7
[2023-11-16T12:53:42.414+0000] {taskinstance.py:1662} INFO - Exporting env vars: AIRFLOW_CTX_DAG_OWNER='nguyenthung' AIRFLOW_CTX_DAG_ID='miai_dag' AIRFLOW_CTX_TASK_ID='caculate_square_amount' AIRFLOW_CTX_EXECUTION_DATE='2023-11-15T12:53:18.642756+00:00' AIRFLOW_CTX_TRY_NUMBER='1' AIRFLOW_CTX_DAG_RUN_ID='scheduled__2023-11-15T12:53:18.642756+00:00'
[2023-11-16T12:53:42.418+0000] {taskinstance.py:1937} ERROR - Task failed with exception
Traceback (most recent call last):
  File "/home/airflow/.local/lib/python3.8/site-packages/airflow/operators/python.py", line 192, in execute
    return_value = self.execute_callable()
  File "/home/airflow/.local/lib/python3.8/site-packages/airflow/operators/python.py", line 209, in execute_callable
    return self.python_callable(*self.op_args, **self.op_kwargs)
  File "/opt/airflow/dags/dag-lstm.py", line 72, in transform
    df = pd.read_csv(in_csv_file_path)
  File "/home/airflow/.local/lib/python3.8/site-packages/pandas/io/parsers/readers.py", line 912, in read_csv
    return _read(filepath_or_buffer, kwds)
  File "/home/airflow/.local/lib/python3.8/site-packages/pandas/io/parsers/readers.py", line 577, in _read
    parser = TextFileReader(filepath_or_buffer, **kwds)
  File "/home/airflow/.local/lib/python3.8/site-packages/pandas/io/parsers/readers.py", line 1407, in __init__
    self._engine = self._make_engine(f, self.engine)
  File "/home/airflow/.local/lib/python3.8/site-packages/pandas/io/parsers/readers.py", line 1661, in _make_engine
    self.handles = get_handle(
  File "/home/airflow/.local/lib/python3.8/site-packages/pandas/io/common.py", line 859, in get_handle
    handle = open(
FileNotFoundError: [Errno 2] No such file or directory: 'data/stock_price.csv'
[2023-11-16T12:53:42.431+0000] {taskinstance.py:1400} INFO - Marking task as UP_FOR_RETRY. dag_id=miai_dag, task_id=caculate_square_amount, execution_date=20231115T125318, start_date=20231116T125342, end_date=20231116T125342
[2023-11-16T12:53:42.450+0000] {standard_task_runner.py:104} ERROR - Failed to execute job 809 for task caculate_square_amount ([Errno 2] No such file or directory: 'data/stock_price.csv'; 19831)
[2023-11-16T12:53:42.497+0000] {local_task_job_runner.py:228} INFO - Task exited with return code 1
[2023-11-16T12:53:42.515+0000] {taskinstance.py:2778} INFO - 0 downstream tasks scheduled from follow-on schedule check
