[2023-11-12T08:02:11.737+0000] {taskinstance.py:1159} INFO - Dependencies all met for dep_context=non-requeueable deps ti=<TaskInstance: dag_with_postgres_operator_v2.delete_data_from_table scheduled__2023-11-08T00:00:00+00:00 [queued]>
[2023-11-12T08:02:11.779+0000] {taskinstance.py:1159} INFO - Dependencies all met for dep_context=requeueable deps ti=<TaskInstance: dag_with_postgres_operator_v2.delete_data_from_table scheduled__2023-11-08T00:00:00+00:00 [queued]>
[2023-11-12T08:02:11.783+0000] {taskinstance.py:1361} INFO - Starting attempt 1 of 6
[2023-11-12T08:02:11.872+0000] {taskinstance.py:1382} INFO - Executing <Task(PostgresOperator): delete_data_from_table> on 2023-11-08 00:00:00+00:00
[2023-11-12T08:02:11.914+0000] {standard_task_runner.py:84} INFO - Running: ['***', 'tasks', 'run', 'dag_with_postgres_operator_v2', 'delete_data_from_table', 'scheduled__2023-11-08T00:00:00+00:00', '--job-id', '80', '--raw', '--subdir', 'DAGS_FOLDER/dag-posgres-operator.py', '--cfg-path', '/tmp/tmp057_6d1e']
[2023-11-12T08:02:11.919+0000] {standard_task_runner.py:85} INFO - Job 80: Subtask delete_data_from_table
[2023-11-12T08:02:11.889+0000] {standard_task_runner.py:57} INFO - Started process 9236 to run task
[2023-11-12T08:02:12.361+0000] {task_command.py:416} INFO - Running <TaskInstance: dag_with_postgres_operator_v2.delete_data_from_table scheduled__2023-11-08T00:00:00+00:00 [running]> on host aac4306c1949
[2023-11-12T08:02:12.791+0000] {taskinstance.py:1662} INFO - Exporting env vars: AIRFLOW_CTX_DAG_OWNER='nguyenthung' AIRFLOW_CTX_DAG_ID='dag_with_postgres_operator_v2' AIRFLOW_CTX_TASK_ID='delete_data_from_table' AIRFLOW_CTX_EXECUTION_DATE='2023-11-08T00:00:00+00:00' AIRFLOW_CTX_TRY_NUMBER='1' AIRFLOW_CTX_DAG_RUN_ID='scheduled__2023-11-08T00:00:00+00:00'
[2023-11-12T08:02:12.792+0000] {sql.py:274} INFO - Executing: 
            delete from dag_runs where dt = '2023-11-08' and dag_id = 'dag_with_postgres_operator_v2';
        
[2023-11-12T08:02:12.822+0000] {base.py:73} INFO - Using connection ID 'postgres_localhost' for task execution.
[2023-11-12T08:02:12.890+0000] {base.py:73} INFO - Using connection ID 'postgres_localhost' for task execution.
[2023-11-12T08:02:12.909+0000] {sql.py:418} INFO - Running statement: 
            delete from dag_runs where dt = '2023-11-08' and dag_id = 'dag_with_postgres_operator_v2';
        , parameters: None
[2023-11-12T08:02:12.913+0000] {sql.py:427} INFO - Rows affected: 0
[2023-11-12T08:02:12.931+0000] {taskinstance.py:1400} INFO - Marking task as SUCCESS. dag_id=dag_with_postgres_operator_v2, task_id=delete_data_from_table, execution_date=20231108T000000, start_date=20231112T080211, end_date=20231112T080212
[2023-11-12T08:02:12.960+0000] {local_task_job_runner.py:228} INFO - Task exited with return code 0
[2023-11-12T08:02:13.022+0000] {taskinstance.py:2778} INFO - 1 downstream tasks scheduled from follow-on schedule check
