[2023-11-16T08:48:50.714+0000] {taskinstance.py:1159} INFO - Dependencies all met for dep_context=non-requeueable deps ti=<TaskInstance: dag_spark_operator.submit_job manual__2023-11-16T08:48:48.916217+00:00 [queued]>
[2023-11-16T08:48:50.725+0000] {taskinstance.py:1159} INFO - Dependencies all met for dep_context=requeueable deps ti=<TaskInstance: dag_spark_operator.submit_job manual__2023-11-16T08:48:48.916217+00:00 [queued]>
[2023-11-16T08:48:50.726+0000] {taskinstance.py:1361} INFO - Starting attempt 1 of 2
[2023-11-16T08:48:50.786+0000] {taskinstance.py:1382} INFO - Executing <Task(SparkSubmitOperator): submit_job> on 2023-11-16 08:48:48.916217+00:00
[2023-11-16T08:48:50.797+0000] {standard_task_runner.py:57} INFO - Started process 333 to run task
[2023-11-16T08:48:50.803+0000] {standard_task_runner.py:84} INFO - Running: ['***', 'tasks', 'run', 'dag_spark_operator', 'submit_job', 'manual__2023-11-16T08:48:48.916217+00:00', '--job-id', '768', '--raw', '--subdir', 'DAGS_FOLDER/spark-dag.py', '--cfg-path', '/tmp/tmp9bh8rj60']
[2023-11-16T08:48:50.806+0000] {standard_task_runner.py:85} INFO - Job 768: Subtask submit_job
[2023-11-16T08:48:50.879+0000] {task_command.py:416} INFO - Running <TaskInstance: dag_spark_operator.submit_job manual__2023-11-16T08:48:48.916217+00:00 [running]> on host 4c85f18ab3d7
[2023-11-16T08:48:50.978+0000] {taskinstance.py:1662} INFO - Exporting env vars: AIRFLOW_CTX_DAG_OWNER='nguyenthung' AIRFLOW_CTX_DAG_ID='dag_spark_operator' AIRFLOW_CTX_TASK_ID='submit_job' AIRFLOW_CTX_EXECUTION_DATE='2023-11-16T08:48:48.916217+00:00' AIRFLOW_CTX_TRY_NUMBER='1' AIRFLOW_CTX_DAG_RUN_ID='manual__2023-11-16T08:48:48.916217+00:00'
[2023-11-16T08:48:50.992+0000] {base.py:73} INFO - Using connection ID 'spark_default' for task execution.
[2023-11-16T08:48:50.993+0000] {spark_submit.py:340} INFO - Spark-Submit cmd: spark-submit --master spark://master:4503 --num-executors 1 --total-executor-cores 1 --executor-cores 1 --executor-memory 2g --driver-memory 2g --name arrow-spark include/test-script.py
[2023-11-16T08:48:51.172+0000] {spark_submit.py:491} INFO - /home/***/.local/lib/python3.8/site-packages/pyspark/bin/load-spark-env.sh: line 68: ps: command not found
[2023-11-16T08:48:55.997+0000] {spark_submit.py:491} INFO - python3: can't open file '/opt/***/include/test-script.py': [Errno 2] No such file or directory
[2023-11-16T08:48:56.043+0000] {spark_submit.py:491} INFO - 23/11/16 08:48:56 INFO ShutdownHookManager: Shutdown hook called
[2023-11-16T08:48:56.047+0000] {spark_submit.py:491} INFO - 23/11/16 08:48:56 INFO ShutdownHookManager: Deleting directory /tmp/spark-7ec47cc3-41f4-4aaf-9341-41551fa906b8
[2023-11-16T08:48:56.107+0000] {taskinstance.py:1937} ERROR - Task failed with exception
Traceback (most recent call last):
  File "/home/airflow/.local/lib/python3.8/site-packages/airflow/providers/apache/spark/operators/spark_submit.py", line 156, in execute
    self._hook.submit(self._application)
  File "/home/airflow/.local/lib/python3.8/site-packages/airflow/providers/apache/spark/hooks/spark_submit.py", line 422, in submit
    raise AirflowException(
airflow.exceptions.AirflowException: Cannot execute: spark-submit --master spark://master:4503 --num-executors 1 --total-executor-cores 1 --executor-cores 1 --executor-memory 2g --driver-memory 2g --name arrow-spark include/test-script.py. Error code is: 2.
[2023-11-16T08:48:56.111+0000] {taskinstance.py:1400} INFO - Marking task as UP_FOR_RETRY. dag_id=dag_spark_operator, task_id=submit_job, execution_date=20231116T084848, start_date=20231116T084850, end_date=20231116T084856
[2023-11-16T08:48:56.136+0000] {standard_task_runner.py:104} ERROR - Failed to execute job 768 for task submit_job (Cannot execute: spark-submit --master spark://master:4503 --num-executors 1 --total-executor-cores 1 --executor-cores 1 --executor-memory 2g --driver-memory 2g --name arrow-spark include/test-script.py. Error code is: 2.; 333)
[2023-11-16T08:48:56.146+0000] {local_task_job_runner.py:228} INFO - Task exited with return code 1
[2023-11-16T08:48:56.165+0000] {taskinstance.py:2778} INFO - 0 downstream tasks scheduled from follow-on schedule check
