[2023-11-12T08:02:14.389+0000] {taskinstance.py:1159} INFO - Dependencies all met for dep_context=non-requeueable deps ti=<TaskInstance: dag_with_postgres_operator_v2.delete_data_from_table scheduled__2023-11-06T00:00:00+00:00 [queued]>
[2023-11-12T08:02:14.413+0000] {taskinstance.py:1159} INFO - Dependencies all met for dep_context=requeueable deps ti=<TaskInstance: dag_with_postgres_operator_v2.delete_data_from_table scheduled__2023-11-06T00:00:00+00:00 [queued]>
[2023-11-12T08:02:14.415+0000] {taskinstance.py:1361} INFO - Starting attempt 1 of 6
[2023-11-12T08:02:14.482+0000] {taskinstance.py:1382} INFO - Executing <Task(PostgresOperator): delete_data_from_table> on 2023-11-06 00:00:00+00:00
[2023-11-12T08:02:14.509+0000] {standard_task_runner.py:57} INFO - Started process 9273 to run task
[2023-11-12T08:02:14.535+0000] {standard_task_runner.py:84} INFO - Running: ['***', 'tasks', 'run', 'dag_with_postgres_operator_v2', 'delete_data_from_table', 'scheduled__2023-11-06T00:00:00+00:00', '--job-id', '91', '--raw', '--subdir', 'DAGS_FOLDER/dag-posgres-operator.py', '--cfg-path', '/tmp/tmp1mhgh_ad']
[2023-11-12T08:02:14.563+0000] {standard_task_runner.py:85} INFO - Job 91: Subtask delete_data_from_table
[2023-11-12T08:02:14.758+0000] {task_command.py:416} INFO - Running <TaskInstance: dag_with_postgres_operator_v2.delete_data_from_table scheduled__2023-11-06T00:00:00+00:00 [running]> on host aac4306c1949
[2023-11-12T08:02:15.096+0000] {taskinstance.py:1662} INFO - Exporting env vars: AIRFLOW_CTX_DAG_OWNER='nguyenthung' AIRFLOW_CTX_DAG_ID='dag_with_postgres_operator_v2' AIRFLOW_CTX_TASK_ID='delete_data_from_table' AIRFLOW_CTX_EXECUTION_DATE='2023-11-06T00:00:00+00:00' AIRFLOW_CTX_TRY_NUMBER='1' AIRFLOW_CTX_DAG_RUN_ID='scheduled__2023-11-06T00:00:00+00:00'
[2023-11-12T08:02:15.097+0000] {sql.py:274} INFO - Executing: 
            delete from dag_runs where dt = '2023-11-06' and dag_id = 'dag_with_postgres_operator_v2';
        
[2023-11-12T08:02:15.146+0000] {base.py:73} INFO - Using connection ID 'postgres_localhost' for task execution.
[2023-11-12T08:02:15.201+0000] {base.py:73} INFO - Using connection ID 'postgres_localhost' for task execution.
[2023-11-12T08:02:15.235+0000] {sql.py:418} INFO - Running statement: 
            delete from dag_runs where dt = '2023-11-06' and dag_id = 'dag_with_postgres_operator_v2';
        , parameters: None
[2023-11-12T08:02:15.258+0000] {sql.py:427} INFO - Rows affected: 0
[2023-11-12T08:02:15.322+0000] {taskinstance.py:1400} INFO - Marking task as SUCCESS. dag_id=dag_with_postgres_operator_v2, task_id=delete_data_from_table, execution_date=20231106T000000, start_date=20231112T080214, end_date=20231112T080215
[2023-11-12T08:02:15.403+0000] {local_task_job_runner.py:228} INFO - Task exited with return code 0
[2023-11-12T08:02:15.465+0000] {taskinstance.py:2778} INFO - 1 downstream tasks scheduled from follow-on schedule check
