[2023-11-12T08:00:07.639+0000] {taskinstance.py:1159} INFO - Dependencies all met for dep_context=non-requeueable deps ti=<TaskInstance: dag_with_postgres_operator_v2.create_postgres_table scheduled__2023-11-10T00:00:00+00:00 [queued]>
[2023-11-12T08:00:07.661+0000] {taskinstance.py:1159} INFO - Dependencies all met for dep_context=requeueable deps ti=<TaskInstance: dag_with_postgres_operator_v2.create_postgres_table scheduled__2023-11-10T00:00:00+00:00 [queued]>
[2023-11-12T08:00:07.661+0000] {taskinstance.py:1361} INFO - Starting attempt 3 of 6
[2023-11-12T08:00:07.724+0000] {taskinstance.py:1382} INFO - Executing <Task(PostgresOperator): create_postgres_table> on 2023-11-10 00:00:00+00:00
[2023-11-12T08:00:07.753+0000] {standard_task_runner.py:57} INFO - Started process 8924 to run task
[2023-11-12T08:00:07.775+0000] {standard_task_runner.py:84} INFO - Running: ['***', 'tasks', 'run', 'dag_with_postgres_operator_v2', 'create_postgres_table', 'scheduled__2023-11-10T00:00:00+00:00', '--job-id', '61', '--raw', '--subdir', 'DAGS_FOLDER/dag-posgres-operator.py', '--cfg-path', '/tmp/tmp6mt9lal2']
[2023-11-12T08:00:07.803+0000] {standard_task_runner.py:85} INFO - Job 61: Subtask create_postgres_table
[2023-11-12T08:00:07.994+0000] {task_command.py:416} INFO - Running <TaskInstance: dag_with_postgres_operator_v2.create_postgres_table scheduled__2023-11-10T00:00:00+00:00 [running]> on host aac4306c1949
[2023-11-12T08:00:08.682+0000] {taskinstance.py:1662} INFO - Exporting env vars: AIRFLOW_CTX_DAG_OWNER='nguyenthung' AIRFLOW_CTX_DAG_ID='dag_with_postgres_operator_v2' AIRFLOW_CTX_TASK_ID='create_postgres_table' AIRFLOW_CTX_EXECUTION_DATE='2023-11-10T00:00:00+00:00' AIRFLOW_CTX_TRY_NUMBER='3' AIRFLOW_CTX_DAG_RUN_ID='scheduled__2023-11-10T00:00:00+00:00'
[2023-11-12T08:00:08.683+0000] {sql.py:274} INFO - Executing: 
            create table if not exists dag_runs (
                dt date,
                dag_id character varying,
                primary key (dt, dag_id)
            )
        
[2023-11-12T08:00:08.829+0000] {base.py:73} INFO - Using connection ID 'postgres_localhost' for task execution.
[2023-11-12T08:00:08.970+0000] {base.py:73} INFO - Using connection ID 'postgres_localhost' for task execution.
[2023-11-12T08:00:08.972+0000] {taskinstance.py:1937} ERROR - Task failed with exception
Traceback (most recent call last):
  File "/home/airflow/.local/lib/python3.8/site-packages/airflow/providers/common/sql/operators/sql.py", line 280, in execute
    output = hook.run(
  File "/home/airflow/.local/lib/python3.8/site-packages/airflow/providers/common/sql/hooks/sql.py", line 385, in run
    with closing(self.get_conn()) as conn:
  File "/home/airflow/.local/lib/python3.8/site-packages/airflow/providers/postgres/hooks/postgres.py", line 155, in get_conn
    self.conn = psycopg2.connect(**conn_args)
  File "/home/airflow/.local/lib/python3.8/site-packages/psycopg2/__init__.py", line 122, in connect
    conn = _connect(dsn, connection_factory=connection_factory, **kwasync)
psycopg2.OperationalError: connection to server at "localhost" (127.0.0.1), port 5432 failed: Connection refused
	Is the server running on that host and accepting TCP/IP connections?
connection to server at "localhost" (::1), port 5432 failed: Cannot assign requested address
	Is the server running on that host and accepting TCP/IP connections?

[2023-11-12T08:00:09.018+0000] {taskinstance.py:1400} INFO - Marking task as UP_FOR_RETRY. dag_id=dag_with_postgres_operator_v2, task_id=create_postgres_table, execution_date=20231110T000000, start_date=20231112T080007, end_date=20231112T080009
[2023-11-12T08:00:09.106+0000] {standard_task_runner.py:104} ERROR - Failed to execute job 61 for task create_postgres_table (connection to server at "localhost" (127.0.0.1), port 5432 failed: Connection refused
	Is the server running on that host and accepting TCP/IP connections?
connection to server at "localhost" (::1), port 5432 failed: Cannot assign requested address
	Is the server running on that host and accepting TCP/IP connections?
; 8924)
[2023-11-12T08:00:09.171+0000] {local_task_job_runner.py:228} INFO - Task exited with return code 1
[2023-11-12T08:00:09.319+0000] {taskinstance.py:2778} INFO - 0 downstream tasks scheduled from follow-on schedule check
