[2023-11-16T11:38:35.459+0000] {taskinstance.py:1159} INFO - Dependencies all met for dep_context=non-requeueable deps ti=<TaskInstance: Simple-ETL.caculate_square_amount scheduled__2023-11-13T00:00:00+00:00 [queued]>
[2023-11-16T11:38:35.493+0000] {taskinstance.py:1159} INFO - Dependencies all met for dep_context=requeueable deps ti=<TaskInstance: Simple-ETL.caculate_square_amount scheduled__2023-11-13T00:00:00+00:00 [queued]>
[2023-11-16T11:38:35.493+0000] {taskinstance.py:1361} INFO - Starting attempt 1 of 2
[2023-11-16T11:38:35.538+0000] {taskinstance.py:1382} INFO - Executing <Task(PythonOperator): caculate_square_amount> on 2023-11-13 00:00:00+00:00
[2023-11-16T11:38:35.553+0000] {standard_task_runner.py:57} INFO - Started process 6702 to run task
[2023-11-16T11:38:35.572+0000] {standard_task_runner.py:84} INFO - Running: ['***', 'tasks', 'run', 'Simple-ETL', 'caculate_square_amount', 'scheduled__2023-11-13T00:00:00+00:00', '--job-id', '791', '--raw', '--subdir', 'DAGS_FOLDER/dag-elt-example.py', '--cfg-path', '/tmp/tmpk5aifoyv']
[2023-11-16T11:38:35.577+0000] {standard_task_runner.py:85} INFO - Job 791: Subtask caculate_square_amount
[2023-11-16T11:38:35.707+0000] {task_command.py:416} INFO - Running <TaskInstance: Simple-ETL.caculate_square_amount scheduled__2023-11-13T00:00:00+00:00 [running]> on host 4c85f18ab3d7
[2023-11-16T11:38:35.970+0000] {taskinstance.py:1662} INFO - Exporting env vars: AIRFLOW_CTX_DAG_OWNER='nguyenthung' AIRFLOW_CTX_DAG_ID='Simple-ETL' AIRFLOW_CTX_TASK_ID='caculate_square_amount' AIRFLOW_CTX_EXECUTION_DATE='2023-11-13T00:00:00+00:00' AIRFLOW_CTX_TRY_NUMBER='1' AIRFLOW_CTX_DAG_RUN_ID='scheduled__2023-11-13T00:00:00+00:00'
[2023-11-16T11:38:36.177+0000] {taskinstance.py:1937} ERROR - Task failed with exception
Traceback (most recent call last):
  File "/home/airflow/.local/lib/python3.8/site-packages/airflow/operators/python.py", line 192, in execute
    return_value = self.execute_callable()
  File "/home/airflow/.local/lib/python3.8/site-packages/airflow/operators/python.py", line 209, in execute_callable
    return self.python_callable(*self.op_args, **self.op_kwargs)
  File "/opt/airflow/dags/dag-elt-example.py", line 64, in transform
    df = pd.read_csv(in_csv_file_path)
  File "/home/airflow/.local/lib/python3.8/site-packages/pandas/io/parsers/readers.py", line 912, in read_csv
    return _read(filepath_or_buffer, kwds)
  File "/home/airflow/.local/lib/python3.8/site-packages/pandas/io/parsers/readers.py", line 577, in _read
    parser = TextFileReader(filepath_or_buffer, **kwds)
  File "/home/airflow/.local/lib/python3.8/site-packages/pandas/io/parsers/readers.py", line 1407, in __init__
    self._engine = self._make_engine(f, self.engine)
  File "/home/airflow/.local/lib/python3.8/site-packages/pandas/io/parsers/readers.py", line 1661, in _make_engine
    self.handles = get_handle(
  File "/home/airflow/.local/lib/python3.8/site-packages/pandas/io/common.py", line 859, in get_handle
    handle = open(
FileNotFoundError: [Errno 2] No such file or directory: '/home/nguyenthung/Desktop/Docker-Airflow/data/GroceryProducts.csv'
[2023-11-16T11:38:36.291+0000] {taskinstance.py:1400} INFO - Marking task as UP_FOR_RETRY. dag_id=Simple-ETL, task_id=caculate_square_amount, execution_date=20231113T000000, start_date=20231116T113835, end_date=20231116T113836
[2023-11-16T11:38:36.477+0000] {standard_task_runner.py:104} ERROR - Failed to execute job 791 for task caculate_square_amount ([Errno 2] No such file or directory: '/home/nguyenthung/Desktop/Docker-Airflow/data/GroceryProducts.csv'; 6702)
[2023-11-16T11:38:36.527+0000] {local_task_job_runner.py:228} INFO - Task exited with return code 1
[2023-11-16T11:38:36.577+0000] {taskinstance.py:2778} INFO - 0 downstream tasks scheduled from follow-on schedule check
