[2023-11-16T09:55:07.881+0000] {taskinstance.py:1159} INFO - Dependencies all met for dep_context=non-requeueable deps ti=<TaskInstance: dag_spark_operator.submit_job manual__2023-11-16T09:55:05.350427+00:00 [queued]>
[2023-11-16T09:55:07.908+0000] {taskinstance.py:1159} INFO - Dependencies all met for dep_context=requeueable deps ti=<TaskInstance: dag_spark_operator.submit_job manual__2023-11-16T09:55:05.350427+00:00 [queued]>
[2023-11-16T09:55:07.908+0000] {taskinstance.py:1361} INFO - Starting attempt 1 of 2
[2023-11-16T09:55:07.929+0000] {taskinstance.py:1382} INFO - Executing <Task(SparkSubmitOperator): submit_job> on 2023-11-16 09:55:05.350427+00:00
[2023-11-16T09:55:07.940+0000] {standard_task_runner.py:57} INFO - Started process 11973 to run task
[2023-11-16T09:55:07.948+0000] {standard_task_runner.py:84} INFO - Running: ['***', 'tasks', 'run', 'dag_spark_operator', 'submit_job', 'manual__2023-11-16T09:55:05.350427+00:00', '--job-id', '781', '--raw', '--subdir', 'DAGS_FOLDER/spark-dag.py', '--cfg-path', '/tmp/tmpyt1a4w35']
[2023-11-16T09:55:07.951+0000] {standard_task_runner.py:85} INFO - Job 781: Subtask submit_job
[2023-11-16T09:55:08.024+0000] {task_command.py:416} INFO - Running <TaskInstance: dag_spark_operator.submit_job manual__2023-11-16T09:55:05.350427+00:00 [running]> on host 4c85f18ab3d7
[2023-11-16T09:55:08.129+0000] {taskinstance.py:1662} INFO - Exporting env vars: AIRFLOW_CTX_DAG_OWNER='nguyenthung' AIRFLOW_CTX_DAG_ID='dag_spark_operator' AIRFLOW_CTX_TASK_ID='submit_job' AIRFLOW_CTX_EXECUTION_DATE='2023-11-16T09:55:05.350427+00:00' AIRFLOW_CTX_TRY_NUMBER='1' AIRFLOW_CTX_DAG_RUN_ID='manual__2023-11-16T09:55:05.350427+00:00'
[2023-11-16T09:55:08.142+0000] {base.py:73} INFO - Using connection ID 'spark_default' for task execution.
[2023-11-16T09:55:08.143+0000] {spark_submit.py:340} INFO - Spark-Submit cmd: spark-submit --master spark://master:4503 --num-executors 1 --total-executor-cores 1 --executor-cores 1 --executor-memory 2g --driver-memory 2g --name arrow-spark test-script.py
[2023-11-16T09:55:08.409+0000] {spark_submit.py:491} INFO - /home/***/.local/lib/python3.8/site-packages/pyspark/bin/load-spark-env.sh: line 68: ps: command not found
[2023-11-16T09:55:14.104+0000] {spark_submit.py:491} INFO - python3: can't open file '/opt/***/test-script.py': [Errno 2] No such file or directory
[2023-11-16T09:55:14.158+0000] {spark_submit.py:491} INFO - 23/11/16 09:55:14 INFO ShutdownHookManager: Shutdown hook called
[2023-11-16T09:55:14.162+0000] {spark_submit.py:491} INFO - 23/11/16 09:55:14 INFO ShutdownHookManager: Deleting directory /tmp/spark-275431b2-2607-4d87-9bae-2c4b41689bc9
[2023-11-16T09:55:14.215+0000] {taskinstance.py:1937} ERROR - Task failed with exception
Traceback (most recent call last):
  File "/home/airflow/.local/lib/python3.8/site-packages/airflow/providers/apache/spark/operators/spark_submit.py", line 156, in execute
    self._hook.submit(self._application)
  File "/home/airflow/.local/lib/python3.8/site-packages/airflow/providers/apache/spark/hooks/spark_submit.py", line 422, in submit
    raise AirflowException(
airflow.exceptions.AirflowException: Cannot execute: spark-submit --master spark://master:4503 --num-executors 1 --total-executor-cores 1 --executor-cores 1 --executor-memory 2g --driver-memory 2g --name arrow-spark test-script.py. Error code is: 2.
[2023-11-16T09:55:14.220+0000] {taskinstance.py:1400} INFO - Marking task as UP_FOR_RETRY. dag_id=dag_spark_operator, task_id=submit_job, execution_date=20231116T095505, start_date=20231116T095507, end_date=20231116T095514
[2023-11-16T09:55:14.235+0000] {standard_task_runner.py:104} ERROR - Failed to execute job 781 for task submit_job (Cannot execute: spark-submit --master spark://master:4503 --num-executors 1 --total-executor-cores 1 --executor-cores 1 --executor-memory 2g --driver-memory 2g --name arrow-spark test-script.py. Error code is: 2.; 11973)
[2023-11-16T09:55:14.256+0000] {local_task_job_runner.py:228} INFO - Task exited with return code 1
[2023-11-16T09:55:14.275+0000] {taskinstance.py:2778} INFO - 0 downstream tasks scheduled from follow-on schedule check
