[2023-11-16T01:46:22.185+0000] {taskinstance.py:1159} INFO - Dependencies all met for dep_context=non-requeueable deps ti=<TaskInstance: dag_spark_operator.submit_job manual__2023-11-16T01:41:18.206422+00:00 [queued]>
[2023-11-16T01:46:22.195+0000] {taskinstance.py:1159} INFO - Dependencies all met for dep_context=requeueable deps ti=<TaskInstance: dag_spark_operator.submit_job manual__2023-11-16T01:41:18.206422+00:00 [queued]>
[2023-11-16T01:46:22.195+0000] {taskinstance.py:1361} INFO - Starting attempt 2 of 2
[2023-11-16T01:46:22.207+0000] {taskinstance.py:1382} INFO - Executing <Task(SparkSubmitOperator): submit_job> on 2023-11-16 01:41:18.206422+00:00
[2023-11-16T01:46:22.214+0000] {standard_task_runner.py:57} INFO - Started process 1646 to run task
[2023-11-16T01:46:22.218+0000] {standard_task_runner.py:84} INFO - Running: ['***', 'tasks', 'run', 'dag_spark_operator', 'submit_job', 'manual__2023-11-16T01:41:18.206422+00:00', '--job-id', '749', '--raw', '--subdir', 'DAGS_FOLDER/spark-dag.py', '--cfg-path', '/tmp/tmp23dpdesm']
[2023-11-16T01:46:22.221+0000] {standard_task_runner.py:85} INFO - Job 749: Subtask submit_job
[2023-11-16T01:46:22.276+0000] {task_command.py:416} INFO - Running <TaskInstance: dag_spark_operator.submit_job manual__2023-11-16T01:41:18.206422+00:00 [running]> on host ed319e63d26e
[2023-11-16T01:46:22.361+0000] {taskinstance.py:1662} INFO - Exporting env vars: AIRFLOW_CTX_DAG_OWNER='nguyenthung' AIRFLOW_CTX_DAG_ID='dag_spark_operator' AIRFLOW_CTX_TASK_ID='submit_job' AIRFLOW_CTX_EXECUTION_DATE='2023-11-16T01:41:18.206422+00:00' AIRFLOW_CTX_TRY_NUMBER='2' AIRFLOW_CTX_DAG_RUN_ID='manual__2023-11-16T01:41:18.206422+00:00'
[2023-11-16T01:46:22.372+0000] {base.py:73} INFO - Using connection ID 'spark_default' for task execution.
[2023-11-16T01:46:22.372+0000] {spark_submit.py:340} INFO - Spark-Submit cmd: spark-submit --master spark://master:4503 --num-executors 1 --total-executor-cores 1 --executor-cores 1 --executor-memory 2g --driver-memory 2g --name arrow-spark include/test-script.py
[2023-11-16T01:46:22.512+0000] {spark_submit.py:491} INFO - /home/***/.local/lib/python3.8/site-packages/pyspark/bin/load-spark-env.sh: line 68: ps: command not found
[2023-11-16T01:46:22.513+0000] {spark_submit.py:491} INFO - JAVA_HOME is not set
[2023-11-16T01:46:22.527+0000] {taskinstance.py:1937} ERROR - Task failed with exception
Traceback (most recent call last):
  File "/home/airflow/.local/lib/python3.8/site-packages/airflow/providers/apache/spark/operators/spark_submit.py", line 156, in execute
    self._hook.submit(self._application)
  File "/home/airflow/.local/lib/python3.8/site-packages/airflow/providers/apache/spark/hooks/spark_submit.py", line 422, in submit
    raise AirflowException(
airflow.exceptions.AirflowException: Cannot execute: spark-submit --master spark://master:4503 --num-executors 1 --total-executor-cores 1 --executor-cores 1 --executor-memory 2g --driver-memory 2g --name arrow-spark include/test-script.py. Error code is: 1.
[2023-11-16T01:46:22.531+0000] {taskinstance.py:1400} INFO - Marking task as FAILED. dag_id=dag_spark_operator, task_id=submit_job, execution_date=20231116T014118, start_date=20231116T014622, end_date=20231116T014622
[2023-11-16T01:46:22.543+0000] {standard_task_runner.py:104} ERROR - Failed to execute job 749 for task submit_job (Cannot execute: spark-submit --master spark://master:4503 --num-executors 1 --total-executor-cores 1 --executor-cores 1 --executor-memory 2g --driver-memory 2g --name arrow-spark include/test-script.py. Error code is: 1.; 1646)
[2023-11-16T01:46:22.555+0000] {local_task_job_runner.py:228} INFO - Task exited with return code 1
[2023-11-16T01:46:22.575+0000] {taskinstance.py:2778} INFO - 0 downstream tasks scheduled from follow-on schedule check
