[2023-11-12T06:48:33.807+0000] {processor.py:157} INFO - Started process (PID=248) to work on /home/airflow/.local/lib/python3.8/site-packages/airflow/example_dags/example_branch_datetime_operator.py
[2023-11-12T06:48:33.809+0000] {processor.py:829} INFO - Processing file /home/airflow/.local/lib/python3.8/site-packages/airflow/example_dags/example_branch_datetime_operator.py for tasks to queue
[2023-11-12T06:48:33.810+0000] {logging_mixin.py:154} INFO - [2023-11-12T06:48:33.810+0000] {dagbag.py:536} INFO - Filling up the DagBag from /home/airflow/.local/lib/python3.8/site-packages/airflow/example_dags/example_branch_datetime_operator.py
[2023-11-12T06:48:33.845+0000] {processor.py:839} INFO - DAG(s) dict_keys(['example_branch_datetime_operator_2', 'example_branch_datetime_operator_3', 'example_branch_datetime_operator']) retrieved from /home/airflow/.local/lib/python3.8/site-packages/airflow/example_dags/example_branch_datetime_operator.py
[2023-11-12T06:48:33.907+0000] {logging_mixin.py:154} INFO - [2023-11-12T06:48:33.907+0000] {dag.py:2941} INFO - Sync 3 DAGs
[2023-11-12T06:48:33.956+0000] {logging_mixin.py:154} INFO - [2023-11-12T06:48:33.955+0000] {dag.py:3722} INFO - Setting next_dagrun for example_branch_datetime_operator to 2023-11-11T00:00:00+00:00, run_after=2023-11-12T00:00:00+00:00
[2023-11-12T06:48:33.985+0000] {logging_mixin.py:154} INFO - [2023-11-12T06:48:33.985+0000] {dag.py:3722} INFO - Setting next_dagrun for example_branch_datetime_operator_2 to 2023-11-11T00:00:00+00:00, run_after=2023-11-12T00:00:00+00:00
[2023-11-12T06:48:33.990+0000] {logging_mixin.py:154} INFO - [2023-11-12T06:48:33.990+0000] {dag.py:3722} INFO - Setting next_dagrun for example_branch_datetime_operator_3 to 2023-11-11T00:00:00+00:00, run_after=2023-11-12T00:00:00+00:00
[2023-11-12T06:48:34.024+0000] {processor.py:179} INFO - Processing /home/airflow/.local/lib/python3.8/site-packages/airflow/example_dags/example_branch_datetime_operator.py took 0.224 seconds
[2023-11-12T06:49:04.872+0000] {processor.py:157} INFO - Started process (PID=485) to work on /home/airflow/.local/lib/python3.8/site-packages/airflow/example_dags/example_branch_datetime_operator.py
[2023-11-12T06:49:04.873+0000] {processor.py:829} INFO - Processing file /home/airflow/.local/lib/python3.8/site-packages/airflow/example_dags/example_branch_datetime_operator.py for tasks to queue
[2023-11-12T06:49:04.874+0000] {logging_mixin.py:154} INFO - [2023-11-12T06:49:04.874+0000] {dagbag.py:536} INFO - Filling up the DagBag from /home/airflow/.local/lib/python3.8/site-packages/airflow/example_dags/example_branch_datetime_operator.py
[2023-11-12T06:49:04.887+0000] {processor.py:839} INFO - DAG(s) dict_keys(['example_branch_datetime_operator_3', 'example_branch_datetime_operator', 'example_branch_datetime_operator_2']) retrieved from /home/airflow/.local/lib/python3.8/site-packages/airflow/example_dags/example_branch_datetime_operator.py
[2023-11-12T06:49:04.925+0000] {logging_mixin.py:154} INFO - [2023-11-12T06:49:04.925+0000] {dag.py:2941} INFO - Sync 3 DAGs
[2023-11-12T06:49:04.955+0000] {logging_mixin.py:154} INFO - [2023-11-12T06:49:04.955+0000] {dag.py:3722} INFO - Setting next_dagrun for example_branch_datetime_operator to 2023-11-11T00:00:00+00:00, run_after=2023-11-12T00:00:00+00:00
[2023-11-12T06:49:04.961+0000] {logging_mixin.py:154} INFO - [2023-11-12T06:49:04.961+0000] {dag.py:3722} INFO - Setting next_dagrun for example_branch_datetime_operator_2 to 2023-11-11T00:00:00+00:00, run_after=2023-11-12T00:00:00+00:00
[2023-11-12T06:49:04.964+0000] {logging_mixin.py:154} INFO - [2023-11-12T06:49:04.964+0000] {dag.py:3722} INFO - Setting next_dagrun for example_branch_datetime_operator_3 to 2023-11-11T00:00:00+00:00, run_after=2023-11-12T00:00:00+00:00
[2023-11-12T06:49:04.985+0000] {processor.py:179} INFO - Processing /home/airflow/.local/lib/python3.8/site-packages/airflow/example_dags/example_branch_datetime_operator.py took 0.118 seconds
[2023-11-12T06:49:35.479+0000] {processor.py:157} INFO - Started process (PID=723) to work on /home/airflow/.local/lib/python3.8/site-packages/airflow/example_dags/example_branch_datetime_operator.py
[2023-11-12T06:49:35.481+0000] {processor.py:829} INFO - Processing file /home/airflow/.local/lib/python3.8/site-packages/airflow/example_dags/example_branch_datetime_operator.py for tasks to queue
[2023-11-12T06:49:35.482+0000] {logging_mixin.py:154} INFO - [2023-11-12T06:49:35.482+0000] {dagbag.py:536} INFO - Filling up the DagBag from /home/airflow/.local/lib/python3.8/site-packages/airflow/example_dags/example_branch_datetime_operator.py
[2023-11-12T06:49:35.510+0000] {processor.py:839} INFO - DAG(s) dict_keys(['example_branch_datetime_operator_3', 'example_branch_datetime_operator', 'example_branch_datetime_operator_2']) retrieved from /home/airflow/.local/lib/python3.8/site-packages/airflow/example_dags/example_branch_datetime_operator.py
[2023-11-12T06:49:35.561+0000] {logging_mixin.py:154} INFO - [2023-11-12T06:49:35.560+0000] {dag.py:2941} INFO - Sync 3 DAGs
[2023-11-12T06:49:35.604+0000] {logging_mixin.py:154} INFO - [2023-11-12T06:49:35.604+0000] {dag.py:3722} INFO - Setting next_dagrun for example_branch_datetime_operator to 2023-11-11T00:00:00+00:00, run_after=2023-11-12T00:00:00+00:00
[2023-11-12T06:49:35.610+0000] {logging_mixin.py:154} INFO - [2023-11-12T06:49:35.610+0000] {dag.py:3722} INFO - Setting next_dagrun for example_branch_datetime_operator_2 to 2023-11-11T00:00:00+00:00, run_after=2023-11-12T00:00:00+00:00
[2023-11-12T06:49:35.615+0000] {logging_mixin.py:154} INFO - [2023-11-12T06:49:35.614+0000] {dag.py:3722} INFO - Setting next_dagrun for example_branch_datetime_operator_3 to 2023-11-11T00:00:00+00:00, run_after=2023-11-12T00:00:00+00:00
[2023-11-12T06:49:35.642+0000] {processor.py:179} INFO - Processing /home/airflow/.local/lib/python3.8/site-packages/airflow/example_dags/example_branch_datetime_operator.py took 0.168 seconds
[2023-11-12T06:50:06.054+0000] {processor.py:157} INFO - Started process (PID=961) to work on /home/airflow/.local/lib/python3.8/site-packages/airflow/example_dags/example_branch_datetime_operator.py
[2023-11-12T06:50:06.056+0000] {processor.py:829} INFO - Processing file /home/airflow/.local/lib/python3.8/site-packages/airflow/example_dags/example_branch_datetime_operator.py for tasks to queue
[2023-11-12T06:50:06.057+0000] {logging_mixin.py:154} INFO - [2023-11-12T06:50:06.056+0000] {dagbag.py:536} INFO - Filling up the DagBag from /home/airflow/.local/lib/python3.8/site-packages/airflow/example_dags/example_branch_datetime_operator.py
[2023-11-12T06:50:06.082+0000] {processor.py:839} INFO - DAG(s) dict_keys(['example_branch_datetime_operator_2', 'example_branch_datetime_operator', 'example_branch_datetime_operator_3']) retrieved from /home/airflow/.local/lib/python3.8/site-packages/airflow/example_dags/example_branch_datetime_operator.py
[2023-11-12T06:50:06.130+0000] {logging_mixin.py:154} INFO - [2023-11-12T06:50:06.130+0000] {dag.py:2941} INFO - Sync 3 DAGs
[2023-11-12T06:50:06.169+0000] {logging_mixin.py:154} INFO - [2023-11-12T06:50:06.169+0000] {dag.py:3722} INFO - Setting next_dagrun for example_branch_datetime_operator to 2023-11-11T00:00:00+00:00, run_after=2023-11-12T00:00:00+00:00
[2023-11-12T06:50:06.177+0000] {logging_mixin.py:154} INFO - [2023-11-12T06:50:06.176+0000] {dag.py:3722} INFO - Setting next_dagrun for example_branch_datetime_operator_2 to 2023-11-11T00:00:00+00:00, run_after=2023-11-12T00:00:00+00:00
[2023-11-12T06:50:06.180+0000] {logging_mixin.py:154} INFO - [2023-11-12T06:50:06.180+0000] {dag.py:3722} INFO - Setting next_dagrun for example_branch_datetime_operator_3 to 2023-11-11T00:00:00+00:00, run_after=2023-11-12T00:00:00+00:00
[2023-11-12T06:50:06.209+0000] {processor.py:179} INFO - Processing /home/airflow/.local/lib/python3.8/site-packages/airflow/example_dags/example_branch_datetime_operator.py took 0.161 seconds
[2023-11-12T06:50:36.413+0000] {processor.py:157} INFO - Started process (PID=1199) to work on /home/airflow/.local/lib/python3.8/site-packages/airflow/example_dags/example_branch_datetime_operator.py
[2023-11-12T06:50:36.414+0000] {processor.py:829} INFO - Processing file /home/airflow/.local/lib/python3.8/site-packages/airflow/example_dags/example_branch_datetime_operator.py for tasks to queue
[2023-11-12T06:50:36.415+0000] {logging_mixin.py:154} INFO - [2023-11-12T06:50:36.415+0000] {dagbag.py:536} INFO - Filling up the DagBag from /home/airflow/.local/lib/python3.8/site-packages/airflow/example_dags/example_branch_datetime_operator.py
[2023-11-12T06:50:36.432+0000] {processor.py:839} INFO - DAG(s) dict_keys(['example_branch_datetime_operator_2', 'example_branch_datetime_operator_3', 'example_branch_datetime_operator']) retrieved from /home/airflow/.local/lib/python3.8/site-packages/airflow/example_dags/example_branch_datetime_operator.py
[2023-11-12T06:50:36.480+0000] {logging_mixin.py:154} INFO - [2023-11-12T06:50:36.480+0000] {dag.py:2941} INFO - Sync 3 DAGs
[2023-11-12T06:50:36.515+0000] {logging_mixin.py:154} INFO - [2023-11-12T06:50:36.514+0000] {dag.py:3722} INFO - Setting next_dagrun for example_branch_datetime_operator to 2023-11-11T00:00:00+00:00, run_after=2023-11-12T00:00:00+00:00
[2023-11-12T06:50:36.524+0000] {logging_mixin.py:154} INFO - [2023-11-12T06:50:36.523+0000] {dag.py:3722} INFO - Setting next_dagrun for example_branch_datetime_operator_2 to 2023-11-11T00:00:00+00:00, run_after=2023-11-12T00:00:00+00:00
[2023-11-12T06:50:36.527+0000] {logging_mixin.py:154} INFO - [2023-11-12T06:50:36.527+0000] {dag.py:3722} INFO - Setting next_dagrun for example_branch_datetime_operator_3 to 2023-11-11T00:00:00+00:00, run_after=2023-11-12T00:00:00+00:00
[2023-11-12T06:50:36.553+0000] {processor.py:179} INFO - Processing /home/airflow/.local/lib/python3.8/site-packages/airflow/example_dags/example_branch_datetime_operator.py took 0.144 seconds
