[2023-11-12T06:48:32.040+0000] {processor.py:157} INFO - Started process (PID=188) to work on /home/airflow/.local/lib/python3.8/site-packages/airflow/example_dags/example_short_circuit_operator.py
[2023-11-12T06:48:32.041+0000] {processor.py:829} INFO - Processing file /home/airflow/.local/lib/python3.8/site-packages/airflow/example_dags/example_short_circuit_operator.py for tasks to queue
[2023-11-12T06:48:32.042+0000] {logging_mixin.py:154} INFO - [2023-11-12T06:48:32.042+0000] {dagbag.py:536} INFO - Filling up the DagBag from /home/airflow/.local/lib/python3.8/site-packages/airflow/example_dags/example_short_circuit_operator.py
[2023-11-12T06:48:32.092+0000] {processor.py:839} INFO - DAG(s) dict_keys(['example_short_circuit_operator']) retrieved from /home/airflow/.local/lib/python3.8/site-packages/airflow/example_dags/example_short_circuit_operator.py
[2023-11-12T06:48:32.167+0000] {logging_mixin.py:154} INFO - [2023-11-12T06:48:32.167+0000] {dag.py:2941} INFO - Sync 1 DAGs
[2023-11-12T06:48:32.205+0000] {logging_mixin.py:154} INFO - [2023-11-12T06:48:32.205+0000] {dag.py:3722} INFO - Setting next_dagrun for example_short_circuit_operator to 2023-11-11T06:48:32.204945+00:00, run_after=2023-11-12T06:48:32.204945+00:00
[2023-11-12T06:48:32.235+0000] {processor.py:179} INFO - Processing /home/airflow/.local/lib/python3.8/site-packages/airflow/example_dags/example_short_circuit_operator.py took 0.214 seconds
[2023-11-12T06:49:02.948+0000] {processor.py:157} INFO - Started process (PID=427) to work on /home/airflow/.local/lib/python3.8/site-packages/airflow/example_dags/example_short_circuit_operator.py
[2023-11-12T06:49:02.950+0000] {processor.py:829} INFO - Processing file /home/airflow/.local/lib/python3.8/site-packages/airflow/example_dags/example_short_circuit_operator.py for tasks to queue
[2023-11-12T06:49:02.951+0000] {logging_mixin.py:154} INFO - [2023-11-12T06:49:02.950+0000] {dagbag.py:536} INFO - Filling up the DagBag from /home/airflow/.local/lib/python3.8/site-packages/airflow/example_dags/example_short_circuit_operator.py
[2023-11-12T06:49:02.961+0000] {processor.py:839} INFO - DAG(s) dict_keys(['example_short_circuit_operator']) retrieved from /home/airflow/.local/lib/python3.8/site-packages/airflow/example_dags/example_short_circuit_operator.py
[2023-11-12T06:49:03.002+0000] {logging_mixin.py:154} INFO - [2023-11-12T06:49:03.001+0000] {dag.py:2941} INFO - Sync 1 DAGs
[2023-11-12T06:49:03.034+0000] {logging_mixin.py:154} INFO - [2023-11-12T06:49:03.034+0000] {dag.py:3722} INFO - Setting next_dagrun for example_short_circuit_operator to 2023-11-11T06:49:03.032947+00:00, run_after=2023-11-12T06:49:03.032947+00:00
[2023-11-12T06:49:03.064+0000] {processor.py:179} INFO - Processing /home/airflow/.local/lib/python3.8/site-packages/airflow/example_dags/example_short_circuit_operator.py took 0.123 seconds
[2023-11-12T06:49:33.229+0000] {processor.py:157} INFO - Started process (PID=663) to work on /home/airflow/.local/lib/python3.8/site-packages/airflow/example_dags/example_short_circuit_operator.py
[2023-11-12T06:49:33.231+0000] {processor.py:829} INFO - Processing file /home/airflow/.local/lib/python3.8/site-packages/airflow/example_dags/example_short_circuit_operator.py for tasks to queue
[2023-11-12T06:49:33.233+0000] {logging_mixin.py:154} INFO - [2023-11-12T06:49:33.233+0000] {dagbag.py:536} INFO - Filling up the DagBag from /home/airflow/.local/lib/python3.8/site-packages/airflow/example_dags/example_short_circuit_operator.py
[2023-11-12T06:49:33.253+0000] {processor.py:839} INFO - DAG(s) dict_keys(['example_short_circuit_operator']) retrieved from /home/airflow/.local/lib/python3.8/site-packages/airflow/example_dags/example_short_circuit_operator.py
[2023-11-12T06:49:33.313+0000] {logging_mixin.py:154} INFO - [2023-11-12T06:49:33.313+0000] {dag.py:2941} INFO - Sync 1 DAGs
[2023-11-12T06:49:33.369+0000] {logging_mixin.py:154} INFO - [2023-11-12T06:49:33.368+0000] {dag.py:3722} INFO - Setting next_dagrun for example_short_circuit_operator to 2023-11-11T06:49:33.368491+00:00, run_after=2023-11-12T06:49:33.368491+00:00
[2023-11-12T06:49:33.399+0000] {processor.py:179} INFO - Processing /home/airflow/.local/lib/python3.8/site-packages/airflow/example_dags/example_short_circuit_operator.py took 0.179 seconds
[2023-11-12T06:50:03.986+0000] {processor.py:157} INFO - Started process (PID=901) to work on /home/airflow/.local/lib/python3.8/site-packages/airflow/example_dags/example_short_circuit_operator.py
[2023-11-12T06:50:03.988+0000] {processor.py:829} INFO - Processing file /home/airflow/.local/lib/python3.8/site-packages/airflow/example_dags/example_short_circuit_operator.py for tasks to queue
[2023-11-12T06:50:03.990+0000] {logging_mixin.py:154} INFO - [2023-11-12T06:50:03.989+0000] {dagbag.py:536} INFO - Filling up the DagBag from /home/airflow/.local/lib/python3.8/site-packages/airflow/example_dags/example_short_circuit_operator.py
[2023-11-12T06:50:04.003+0000] {processor.py:839} INFO - DAG(s) dict_keys(['example_short_circuit_operator']) retrieved from /home/airflow/.local/lib/python3.8/site-packages/airflow/example_dags/example_short_circuit_operator.py
[2023-11-12T06:50:04.058+0000] {logging_mixin.py:154} INFO - [2023-11-12T06:50:04.057+0000] {dag.py:2941} INFO - Sync 1 DAGs
[2023-11-12T06:50:04.096+0000] {logging_mixin.py:154} INFO - [2023-11-12T06:50:04.095+0000] {dag.py:3722} INFO - Setting next_dagrun for example_short_circuit_operator to 2023-11-11T06:50:04.095562+00:00, run_after=2023-11-12T06:50:04.095562+00:00
[2023-11-12T06:50:04.122+0000] {processor.py:179} INFO - Processing /home/airflow/.local/lib/python3.8/site-packages/airflow/example_dags/example_short_circuit_operator.py took 0.141 seconds
[2023-11-12T06:50:34.403+0000] {processor.py:157} INFO - Started process (PID=1139) to work on /home/airflow/.local/lib/python3.8/site-packages/airflow/example_dags/example_short_circuit_operator.py
[2023-11-12T06:50:34.406+0000] {processor.py:829} INFO - Processing file /home/airflow/.local/lib/python3.8/site-packages/airflow/example_dags/example_short_circuit_operator.py for tasks to queue
[2023-11-12T06:50:34.408+0000] {logging_mixin.py:154} INFO - [2023-11-12T06:50:34.407+0000] {dagbag.py:536} INFO - Filling up the DagBag from /home/airflow/.local/lib/python3.8/site-packages/airflow/example_dags/example_short_circuit_operator.py
[2023-11-12T06:50:34.422+0000] {processor.py:839} INFO - DAG(s) dict_keys(['example_short_circuit_operator']) retrieved from /home/airflow/.local/lib/python3.8/site-packages/airflow/example_dags/example_short_circuit_operator.py
[2023-11-12T06:50:34.460+0000] {logging_mixin.py:154} INFO - [2023-11-12T06:50:34.460+0000] {dag.py:2941} INFO - Sync 1 DAGs
[2023-11-12T06:50:34.500+0000] {logging_mixin.py:154} INFO - [2023-11-12T06:50:34.500+0000] {dag.py:3722} INFO - Setting next_dagrun for example_short_circuit_operator to 2023-11-11T06:50:34.499560+00:00, run_after=2023-11-12T06:50:34.499560+00:00
[2023-11-12T06:50:34.532+0000] {processor.py:179} INFO - Processing /home/airflow/.local/lib/python3.8/site-packages/airflow/example_dags/example_short_circuit_operator.py took 0.138 seconds
