[2023-11-12T06:48:30.978+0000] {processor.py:157} INFO - Started process (PID=165) to work on /home/airflow/.local/lib/python3.8/site-packages/airflow/example_dags/example_sensors.py
[2023-11-12T06:48:30.980+0000] {processor.py:829} INFO - Processing file /home/airflow/.local/lib/python3.8/site-packages/airflow/example_dags/example_sensors.py for tasks to queue
[2023-11-12T06:48:30.984+0000] {logging_mixin.py:154} INFO - [2023-11-12T06:48:30.981+0000] {dagbag.py:536} INFO - Filling up the DagBag from /home/airflow/.local/lib/python3.8/site-packages/airflow/example_dags/example_sensors.py
[2023-11-12T06:48:31.056+0000] {processor.py:839} INFO - DAG(s) dict_keys(['example_sensors']) retrieved from /home/airflow/.local/lib/python3.8/site-packages/airflow/example_dags/example_sensors.py
[2023-11-12T06:48:31.324+0000] {logging_mixin.py:154} INFO - [2023-11-12T06:48:31.323+0000] {dag.py:2941} INFO - Sync 1 DAGs
[2023-11-12T06:48:31.389+0000] {logging_mixin.py:154} INFO - [2023-11-12T06:48:31.389+0000] {dag.py:3722} INFO - Setting next_dagrun for example_sensors to None, run_after=None
[2023-11-12T06:48:31.457+0000] {processor.py:179} INFO - Processing /home/airflow/.local/lib/python3.8/site-packages/airflow/example_dags/example_sensors.py took 0.497 seconds
[2023-11-12T06:49:01.684+0000] {processor.py:157} INFO - Started process (PID=407) to work on /home/airflow/.local/lib/python3.8/site-packages/airflow/example_dags/example_sensors.py
[2023-11-12T06:49:01.686+0000] {processor.py:829} INFO - Processing file /home/airflow/.local/lib/python3.8/site-packages/airflow/example_dags/example_sensors.py for tasks to queue
[2023-11-12T06:49:01.687+0000] {logging_mixin.py:154} INFO - [2023-11-12T06:49:01.686+0000] {dagbag.py:536} INFO - Filling up the DagBag from /home/airflow/.local/lib/python3.8/site-packages/airflow/example_dags/example_sensors.py
[2023-11-12T06:49:01.699+0000] {processor.py:839} INFO - DAG(s) dict_keys(['example_sensors']) retrieved from /home/airflow/.local/lib/python3.8/site-packages/airflow/example_dags/example_sensors.py
[2023-11-12T06:49:01.733+0000] {logging_mixin.py:154} INFO - [2023-11-12T06:49:01.733+0000] {dag.py:2941} INFO - Sync 1 DAGs
[2023-11-12T06:49:01.753+0000] {logging_mixin.py:154} INFO - [2023-11-12T06:49:01.753+0000] {dag.py:3722} INFO - Setting next_dagrun for example_sensors to None, run_after=None
[2023-11-12T06:49:01.785+0000] {processor.py:179} INFO - Processing /home/airflow/.local/lib/python3.8/site-packages/airflow/example_dags/example_sensors.py took 0.105 seconds
[2023-11-12T06:49:31.979+0000] {processor.py:157} INFO - Started process (PID=645) to work on /home/airflow/.local/lib/python3.8/site-packages/airflow/example_dags/example_sensors.py
[2023-11-12T06:49:31.981+0000] {processor.py:829} INFO - Processing file /home/airflow/.local/lib/python3.8/site-packages/airflow/example_dags/example_sensors.py for tasks to queue
[2023-11-12T06:49:31.983+0000] {logging_mixin.py:154} INFO - [2023-11-12T06:49:31.982+0000] {dagbag.py:536} INFO - Filling up the DagBag from /home/airflow/.local/lib/python3.8/site-packages/airflow/example_dags/example_sensors.py
[2023-11-12T06:49:31.998+0000] {processor.py:839} INFO - DAG(s) dict_keys(['example_sensors']) retrieved from /home/airflow/.local/lib/python3.8/site-packages/airflow/example_dags/example_sensors.py
[2023-11-12T06:49:32.047+0000] {logging_mixin.py:154} INFO - [2023-11-12T06:49:32.047+0000] {dag.py:2941} INFO - Sync 1 DAGs
[2023-11-12T06:49:32.064+0000] {logging_mixin.py:154} INFO - [2023-11-12T06:49:32.064+0000] {dag.py:3722} INFO - Setting next_dagrun for example_sensors to None, run_after=None
[2023-11-12T06:49:32.093+0000] {processor.py:179} INFO - Processing /home/airflow/.local/lib/python3.8/site-packages/airflow/example_dags/example_sensors.py took 0.120 seconds
[2023-11-12T06:50:02.625+0000] {processor.py:157} INFO - Started process (PID=878) to work on /home/airflow/.local/lib/python3.8/site-packages/airflow/example_dags/example_sensors.py
[2023-11-12T06:50:02.627+0000] {processor.py:829} INFO - Processing file /home/airflow/.local/lib/python3.8/site-packages/airflow/example_dags/example_sensors.py for tasks to queue
[2023-11-12T06:50:02.630+0000] {logging_mixin.py:154} INFO - [2023-11-12T06:50:02.628+0000] {dagbag.py:536} INFO - Filling up the DagBag from /home/airflow/.local/lib/python3.8/site-packages/airflow/example_dags/example_sensors.py
[2023-11-12T06:50:02.648+0000] {processor.py:839} INFO - DAG(s) dict_keys(['example_sensors']) retrieved from /home/airflow/.local/lib/python3.8/site-packages/airflow/example_dags/example_sensors.py
[2023-11-12T06:50:02.698+0000] {logging_mixin.py:154} INFO - [2023-11-12T06:50:02.698+0000] {dag.py:2941} INFO - Sync 1 DAGs
[2023-11-12T06:50:02.716+0000] {logging_mixin.py:154} INFO - [2023-11-12T06:50:02.716+0000] {dag.py:3722} INFO - Setting next_dagrun for example_sensors to None, run_after=None
[2023-11-12T06:50:02.744+0000] {processor.py:179} INFO - Processing /home/airflow/.local/lib/python3.8/site-packages/airflow/example_dags/example_sensors.py took 0.123 seconds
[2023-11-12T06:50:33.024+0000] {processor.py:157} INFO - Started process (PID=1116) to work on /home/airflow/.local/lib/python3.8/site-packages/airflow/example_dags/example_sensors.py
[2023-11-12T06:50:33.026+0000] {processor.py:829} INFO - Processing file /home/airflow/.local/lib/python3.8/site-packages/airflow/example_dags/example_sensors.py for tasks to queue
[2023-11-12T06:50:33.027+0000] {logging_mixin.py:154} INFO - [2023-11-12T06:50:33.027+0000] {dagbag.py:536} INFO - Filling up the DagBag from /home/airflow/.local/lib/python3.8/site-packages/airflow/example_dags/example_sensors.py
[2023-11-12T06:50:33.043+0000] {processor.py:839} INFO - DAG(s) dict_keys(['example_sensors']) retrieved from /home/airflow/.local/lib/python3.8/site-packages/airflow/example_dags/example_sensors.py
[2023-11-12T06:50:33.092+0000] {logging_mixin.py:154} INFO - [2023-11-12T06:50:33.091+0000] {dag.py:2941} INFO - Sync 1 DAGs
[2023-11-12T06:50:33.114+0000] {logging_mixin.py:154} INFO - [2023-11-12T06:50:33.114+0000] {dag.py:3722} INFO - Setting next_dagrun for example_sensors to None, run_after=None
[2023-11-12T06:50:33.144+0000] {processor.py:179} INFO - Processing /home/airflow/.local/lib/python3.8/site-packages/airflow/example_dags/example_sensors.py took 0.125 seconds
