[2023-11-12T06:48:32.294+0000] {processor.py:157} INFO - Started process (PID=198) to work on /home/airflow/.local/lib/python3.8/site-packages/airflow/example_dags/example_xcom.py
[2023-11-12T06:48:32.296+0000] {processor.py:829} INFO - Processing file /home/airflow/.local/lib/python3.8/site-packages/airflow/example_dags/example_xcom.py for tasks to queue
[2023-11-12T06:48:32.298+0000] {logging_mixin.py:154} INFO - [2023-11-12T06:48:32.297+0000] {dagbag.py:536} INFO - Filling up the DagBag from /home/airflow/.local/lib/python3.8/site-packages/airflow/example_dags/example_xcom.py
[2023-11-12T06:48:32.324+0000] {processor.py:839} INFO - DAG(s) dict_keys(['example_xcom']) retrieved from /home/airflow/.local/lib/python3.8/site-packages/airflow/example_dags/example_xcom.py
[2023-11-12T06:48:32.415+0000] {logging_mixin.py:154} INFO - [2023-11-12T06:48:32.415+0000] {dag.py:2941} INFO - Sync 1 DAGs
[2023-11-12T06:48:32.482+0000] {logging_mixin.py:154} INFO - [2023-11-12T06:48:32.482+0000] {dag.py:3722} INFO - Setting next_dagrun for example_xcom to 2021-01-01T00:00:00+00:00, run_after=2021-01-01T00:00:00+00:00
[2023-11-12T06:48:32.559+0000] {processor.py:179} INFO - Processing /home/airflow/.local/lib/python3.8/site-packages/airflow/example_dags/example_xcom.py took 0.271 seconds
[2023-11-12T06:49:03.115+0000] {processor.py:157} INFO - Started process (PID=435) to work on /home/airflow/.local/lib/python3.8/site-packages/airflow/example_dags/example_xcom.py
[2023-11-12T06:49:03.117+0000] {processor.py:829} INFO - Processing file /home/airflow/.local/lib/python3.8/site-packages/airflow/example_dags/example_xcom.py for tasks to queue
[2023-11-12T06:49:03.118+0000] {logging_mixin.py:154} INFO - [2023-11-12T06:49:03.118+0000] {dagbag.py:536} INFO - Filling up the DagBag from /home/airflow/.local/lib/python3.8/site-packages/airflow/example_dags/example_xcom.py
[2023-11-12T06:49:03.128+0000] {processor.py:839} INFO - DAG(s) dict_keys(['example_xcom']) retrieved from /home/airflow/.local/lib/python3.8/site-packages/airflow/example_dags/example_xcom.py
[2023-11-12T06:49:03.161+0000] {logging_mixin.py:154} INFO - [2023-11-12T06:49:03.161+0000] {dag.py:2941} INFO - Sync 1 DAGs
[2023-11-12T06:49:03.194+0000] {logging_mixin.py:154} INFO - [2023-11-12T06:49:03.194+0000] {dag.py:3722} INFO - Setting next_dagrun for example_xcom to 2021-01-01T00:00:00+00:00, run_after=2021-01-01T00:00:00+00:00
[2023-11-12T06:49:03.224+0000] {processor.py:179} INFO - Processing /home/airflow/.local/lib/python3.8/site-packages/airflow/example_dags/example_xcom.py took 0.114 seconds
[2023-11-12T06:49:33.467+0000] {processor.py:157} INFO - Started process (PID=673) to work on /home/airflow/.local/lib/python3.8/site-packages/airflow/example_dags/example_xcom.py
[2023-11-12T06:49:33.468+0000] {processor.py:829} INFO - Processing file /home/airflow/.local/lib/python3.8/site-packages/airflow/example_dags/example_xcom.py for tasks to queue
[2023-11-12T06:49:33.469+0000] {logging_mixin.py:154} INFO - [2023-11-12T06:49:33.469+0000] {dagbag.py:536} INFO - Filling up the DagBag from /home/airflow/.local/lib/python3.8/site-packages/airflow/example_dags/example_xcom.py
[2023-11-12T06:49:33.485+0000] {processor.py:839} INFO - DAG(s) dict_keys(['example_xcom']) retrieved from /home/airflow/.local/lib/python3.8/site-packages/airflow/example_dags/example_xcom.py
[2023-11-12T06:49:33.543+0000] {logging_mixin.py:154} INFO - [2023-11-12T06:49:33.542+0000] {dag.py:2941} INFO - Sync 1 DAGs
[2023-11-12T06:49:33.582+0000] {logging_mixin.py:154} INFO - [2023-11-12T06:49:33.581+0000] {dag.py:3722} INFO - Setting next_dagrun for example_xcom to 2021-01-01T00:00:00+00:00, run_after=2021-01-01T00:00:00+00:00
[2023-11-12T06:49:33.624+0000] {processor.py:179} INFO - Processing /home/airflow/.local/lib/python3.8/site-packages/airflow/example_dags/example_xcom.py took 0.163 seconds
[2023-11-12T06:50:04.192+0000] {processor.py:157} INFO - Started process (PID=911) to work on /home/airflow/.local/lib/python3.8/site-packages/airflow/example_dags/example_xcom.py
[2023-11-12T06:50:04.193+0000] {processor.py:829} INFO - Processing file /home/airflow/.local/lib/python3.8/site-packages/airflow/example_dags/example_xcom.py for tasks to queue
[2023-11-12T06:50:04.195+0000] {logging_mixin.py:154} INFO - [2023-11-12T06:50:04.194+0000] {dagbag.py:536} INFO - Filling up the DagBag from /home/airflow/.local/lib/python3.8/site-packages/airflow/example_dags/example_xcom.py
[2023-11-12T06:50:04.211+0000] {processor.py:839} INFO - DAG(s) dict_keys(['example_xcom']) retrieved from /home/airflow/.local/lib/python3.8/site-packages/airflow/example_dags/example_xcom.py
[2023-11-12T06:50:04.252+0000] {logging_mixin.py:154} INFO - [2023-11-12T06:50:04.252+0000] {dag.py:2941} INFO - Sync 1 DAGs
[2023-11-12T06:50:04.285+0000] {logging_mixin.py:154} INFO - [2023-11-12T06:50:04.285+0000] {dag.py:3722} INFO - Setting next_dagrun for example_xcom to 2021-01-01T00:00:00+00:00, run_after=2021-01-01T00:00:00+00:00
[2023-11-12T06:50:04.316+0000] {processor.py:179} INFO - Processing /home/airflow/.local/lib/python3.8/site-packages/airflow/example_dags/example_xcom.py took 0.132 seconds
[2023-11-12T06:50:34.581+0000] {processor.py:157} INFO - Started process (PID=1149) to work on /home/airflow/.local/lib/python3.8/site-packages/airflow/example_dags/example_xcom.py
[2023-11-12T06:50:34.583+0000] {processor.py:829} INFO - Processing file /home/airflow/.local/lib/python3.8/site-packages/airflow/example_dags/example_xcom.py for tasks to queue
[2023-11-12T06:50:34.585+0000] {logging_mixin.py:154} INFO - [2023-11-12T06:50:34.584+0000] {dagbag.py:536} INFO - Filling up the DagBag from /home/airflow/.local/lib/python3.8/site-packages/airflow/example_dags/example_xcom.py
[2023-11-12T06:50:34.597+0000] {processor.py:839} INFO - DAG(s) dict_keys(['example_xcom']) retrieved from /home/airflow/.local/lib/python3.8/site-packages/airflow/example_dags/example_xcom.py
[2023-11-12T06:50:34.629+0000] {logging_mixin.py:154} INFO - [2023-11-12T06:50:34.628+0000] {dag.py:2941} INFO - Sync 1 DAGs
[2023-11-12T06:50:34.656+0000] {logging_mixin.py:154} INFO - [2023-11-12T06:50:34.656+0000] {dag.py:3722} INFO - Setting next_dagrun for example_xcom to 2021-01-01T00:00:00+00:00, run_after=2021-01-01T00:00:00+00:00
[2023-11-12T06:50:34.684+0000] {processor.py:179} INFO - Processing /home/airflow/.local/lib/python3.8/site-packages/airflow/example_dags/example_xcom.py took 0.109 seconds
