[2023-11-12T06:48:35.007+0000] {processor.py:157} INFO - Started process (PID=273) to work on /home/airflow/.local/lib/python3.8/site-packages/airflow/example_dags/example_sla_dag.py
[2023-11-12T06:48:35.009+0000] {processor.py:829} INFO - Processing file /home/airflow/.local/lib/python3.8/site-packages/airflow/example_dags/example_sla_dag.py for tasks to queue
[2023-11-12T06:48:35.010+0000] {logging_mixin.py:154} INFO - [2023-11-12T06:48:35.009+0000] {dagbag.py:536} INFO - Filling up the DagBag from /home/airflow/.local/lib/python3.8/site-packages/airflow/example_dags/example_sla_dag.py
[2023-11-12T06:48:35.054+0000] {processor.py:839} INFO - DAG(s) dict_keys(['example_sla_dag']) retrieved from /home/airflow/.local/lib/python3.8/site-packages/airflow/example_dags/example_sla_dag.py
[2023-11-12T06:48:35.095+0000] {logging_mixin.py:154} INFO - [2023-11-12T06:48:35.095+0000] {dag.py:2941} INFO - Sync 1 DAGs
[2023-11-12T06:48:35.148+0000] {logging_mixin.py:154} INFO - [2023-11-12T06:48:35.148+0000] {dag.py:3722} INFO - Setting next_dagrun for example_sla_dag to 2023-11-12T06:46:00+00:00, run_after=2023-11-12T06:48:00+00:00
[2023-11-12T06:48:35.198+0000] {processor.py:179} INFO - Processing /home/airflow/.local/lib/python3.8/site-packages/airflow/example_dags/example_sla_dag.py took 0.215 seconds
[2023-11-12T06:49:05.383+0000] {processor.py:157} INFO - Started process (PID=512) to work on /home/airflow/.local/lib/python3.8/site-packages/airflow/example_dags/example_sla_dag.py
[2023-11-12T06:49:05.385+0000] {processor.py:829} INFO - Processing file /home/airflow/.local/lib/python3.8/site-packages/airflow/example_dags/example_sla_dag.py for tasks to queue
[2023-11-12T06:49:05.386+0000] {logging_mixin.py:154} INFO - [2023-11-12T06:49:05.385+0000] {dagbag.py:536} INFO - Filling up the DagBag from /home/airflow/.local/lib/python3.8/site-packages/airflow/example_dags/example_sla_dag.py
[2023-11-12T06:49:05.397+0000] {processor.py:839} INFO - DAG(s) dict_keys(['example_sla_dag']) retrieved from /home/airflow/.local/lib/python3.8/site-packages/airflow/example_dags/example_sla_dag.py
[2023-11-12T06:49:05.424+0000] {logging_mixin.py:154} INFO - [2023-11-12T06:49:05.423+0000] {dag.py:2941} INFO - Sync 1 DAGs
[2023-11-12T06:49:05.450+0000] {logging_mixin.py:154} INFO - [2023-11-12T06:49:05.450+0000] {dag.py:3722} INFO - Setting next_dagrun for example_sla_dag to 2023-11-12T06:46:00+00:00, run_after=2023-11-12T06:48:00+00:00
[2023-11-12T06:49:05.469+0000] {processor.py:179} INFO - Processing /home/airflow/.local/lib/python3.8/site-packages/airflow/example_dags/example_sla_dag.py took 0.091 seconds
[2023-11-12T06:49:36.194+0000] {processor.py:157} INFO - Started process (PID=748) to work on /home/airflow/.local/lib/python3.8/site-packages/airflow/example_dags/example_sla_dag.py
[2023-11-12T06:49:36.196+0000] {processor.py:829} INFO - Processing file /home/airflow/.local/lib/python3.8/site-packages/airflow/example_dags/example_sla_dag.py for tasks to queue
[2023-11-12T06:49:36.197+0000] {logging_mixin.py:154} INFO - [2023-11-12T06:49:36.197+0000] {dagbag.py:536} INFO - Filling up the DagBag from /home/airflow/.local/lib/python3.8/site-packages/airflow/example_dags/example_sla_dag.py
[2023-11-12T06:49:36.217+0000] {processor.py:839} INFO - DAG(s) dict_keys(['example_sla_dag']) retrieved from /home/airflow/.local/lib/python3.8/site-packages/airflow/example_dags/example_sla_dag.py
[2023-11-12T06:49:36.255+0000] {logging_mixin.py:154} INFO - [2023-11-12T06:49:36.255+0000] {dag.py:2941} INFO - Sync 1 DAGs
[2023-11-12T06:49:36.300+0000] {logging_mixin.py:154} INFO - [2023-11-12T06:49:36.300+0000] {dag.py:3722} INFO - Setting next_dagrun for example_sla_dag to 2023-11-12T06:46:00+00:00, run_after=2023-11-12T06:48:00+00:00
[2023-11-12T06:49:36.341+0000] {processor.py:179} INFO - Processing /home/airflow/.local/lib/python3.8/site-packages/airflow/example_dags/example_sla_dag.py took 0.155 seconds
[2023-11-12T06:50:06.677+0000] {processor.py:157} INFO - Started process (PID=986) to work on /home/airflow/.local/lib/python3.8/site-packages/airflow/example_dags/example_sla_dag.py
[2023-11-12T06:50:06.679+0000] {processor.py:829} INFO - Processing file /home/airflow/.local/lib/python3.8/site-packages/airflow/example_dags/example_sla_dag.py for tasks to queue
[2023-11-12T06:50:06.680+0000] {logging_mixin.py:154} INFO - [2023-11-12T06:50:06.679+0000] {dagbag.py:536} INFO - Filling up the DagBag from /home/airflow/.local/lib/python3.8/site-packages/airflow/example_dags/example_sla_dag.py
[2023-11-12T06:50:06.695+0000] {processor.py:839} INFO - DAG(s) dict_keys(['example_sla_dag']) retrieved from /home/airflow/.local/lib/python3.8/site-packages/airflow/example_dags/example_sla_dag.py
[2023-11-12T06:50:06.730+0000] {logging_mixin.py:154} INFO - [2023-11-12T06:50:06.730+0000] {dag.py:2941} INFO - Sync 1 DAGs
[2023-11-12T06:50:06.785+0000] {logging_mixin.py:154} INFO - [2023-11-12T06:50:06.785+0000] {dag.py:3722} INFO - Setting next_dagrun for example_sla_dag to 2023-11-12T06:48:00+00:00, run_after=2023-11-12T06:50:00+00:00
[2023-11-12T06:50:06.811+0000] {processor.py:179} INFO - Processing /home/airflow/.local/lib/python3.8/site-packages/airflow/example_dags/example_sla_dag.py took 0.141 seconds
[2023-11-12T06:50:37.008+0000] {processor.py:157} INFO - Started process (PID=1224) to work on /home/airflow/.local/lib/python3.8/site-packages/airflow/example_dags/example_sla_dag.py
[2023-11-12T06:50:37.009+0000] {processor.py:829} INFO - Processing file /home/airflow/.local/lib/python3.8/site-packages/airflow/example_dags/example_sla_dag.py for tasks to queue
[2023-11-12T06:50:37.010+0000] {logging_mixin.py:154} INFO - [2023-11-12T06:50:37.010+0000] {dagbag.py:536} INFO - Filling up the DagBag from /home/airflow/.local/lib/python3.8/site-packages/airflow/example_dags/example_sla_dag.py
[2023-11-12T06:50:37.023+0000] {processor.py:839} INFO - DAG(s) dict_keys(['example_sla_dag']) retrieved from /home/airflow/.local/lib/python3.8/site-packages/airflow/example_dags/example_sla_dag.py
[2023-11-12T06:50:37.063+0000] {logging_mixin.py:154} INFO - [2023-11-12T06:50:37.063+0000] {dag.py:2941} INFO - Sync 1 DAGs
[2023-11-12T06:50:37.110+0000] {logging_mixin.py:154} INFO - [2023-11-12T06:50:37.110+0000] {dag.py:3722} INFO - Setting next_dagrun for example_sla_dag to 2023-11-12T06:48:00+00:00, run_after=2023-11-12T06:50:00+00:00
[2023-11-12T06:50:37.138+0000] {processor.py:179} INFO - Processing /home/airflow/.local/lib/python3.8/site-packages/airflow/example_dags/example_sla_dag.py took 0.135 seconds
