[2023-11-12T06:48:35.711+0000] {processor.py:157} INFO - Started process (PID=298) to work on /home/airflow/.local/lib/python3.8/site-packages/airflow/example_dags/example_latest_only_with_trigger.py
[2023-11-12T06:48:35.712+0000] {processor.py:829} INFO - Processing file /home/airflow/.local/lib/python3.8/site-packages/airflow/example_dags/example_latest_only_with_trigger.py for tasks to queue
[2023-11-12T06:48:35.715+0000] {logging_mixin.py:154} INFO - [2023-11-12T06:48:35.714+0000] {dagbag.py:536} INFO - Filling up the DagBag from /home/airflow/.local/lib/python3.8/site-packages/airflow/example_dags/example_latest_only_with_trigger.py
[2023-11-12T06:48:35.731+0000] {processor.py:839} INFO - DAG(s) dict_keys(['latest_only_with_trigger']) retrieved from /home/airflow/.local/lib/python3.8/site-packages/airflow/example_dags/example_latest_only_with_trigger.py
[2023-11-12T06:48:35.783+0000] {logging_mixin.py:154} INFO - [2023-11-12T06:48:35.782+0000] {dag.py:2941} INFO - Sync 1 DAGs
[2023-11-12T06:48:35.831+0000] {logging_mixin.py:154} INFO - [2023-11-12T06:48:35.830+0000] {dag.py:3722} INFO - Setting next_dagrun for latest_only_with_trigger to 2023-11-12T02:48:35.829851+00:00, run_after=2023-11-12T06:48:35.829851+00:00
[2023-11-12T06:48:35.871+0000] {processor.py:179} INFO - Processing /home/airflow/.local/lib/python3.8/site-packages/airflow/example_dags/example_latest_only_with_trigger.py took 0.166 seconds
[2023-11-12T06:49:06.118+0000] {processor.py:157} INFO - Started process (PID=537) to work on /home/airflow/.local/lib/python3.8/site-packages/airflow/example_dags/example_latest_only_with_trigger.py
[2023-11-12T06:49:06.119+0000] {processor.py:829} INFO - Processing file /home/airflow/.local/lib/python3.8/site-packages/airflow/example_dags/example_latest_only_with_trigger.py for tasks to queue
[2023-11-12T06:49:06.121+0000] {logging_mixin.py:154} INFO - [2023-11-12T06:49:06.120+0000] {dagbag.py:536} INFO - Filling up the DagBag from /home/airflow/.local/lib/python3.8/site-packages/airflow/example_dags/example_latest_only_with_trigger.py
[2023-11-12T06:49:06.131+0000] {processor.py:839} INFO - DAG(s) dict_keys(['latest_only_with_trigger']) retrieved from /home/airflow/.local/lib/python3.8/site-packages/airflow/example_dags/example_latest_only_with_trigger.py
[2023-11-12T06:49:06.168+0000] {logging_mixin.py:154} INFO - [2023-11-12T06:49:06.168+0000] {dag.py:2941} INFO - Sync 1 DAGs
[2023-11-12T06:49:06.200+0000] {logging_mixin.py:154} INFO - [2023-11-12T06:49:06.199+0000] {dag.py:3722} INFO - Setting next_dagrun for latest_only_with_trigger to 2023-11-12T02:49:06.199574+00:00, run_after=2023-11-12T06:49:06.199574+00:00
[2023-11-12T06:49:06.231+0000] {processor.py:179} INFO - Processing /home/airflow/.local/lib/python3.8/site-packages/airflow/example_dags/example_latest_only_with_trigger.py took 0.119 seconds
[2023-11-12T06:49:36.853+0000] {processor.py:157} INFO - Started process (PID=775) to work on /home/airflow/.local/lib/python3.8/site-packages/airflow/example_dags/example_latest_only_with_trigger.py
[2023-11-12T06:49:36.856+0000] {processor.py:829} INFO - Processing file /home/airflow/.local/lib/python3.8/site-packages/airflow/example_dags/example_latest_only_with_trigger.py for tasks to queue
[2023-11-12T06:49:36.857+0000] {logging_mixin.py:154} INFO - [2023-11-12T06:49:36.857+0000] {dagbag.py:536} INFO - Filling up the DagBag from /home/airflow/.local/lib/python3.8/site-packages/airflow/example_dags/example_latest_only_with_trigger.py
[2023-11-12T06:49:36.869+0000] {processor.py:839} INFO - DAG(s) dict_keys(['latest_only_with_trigger']) retrieved from /home/airflow/.local/lib/python3.8/site-packages/airflow/example_dags/example_latest_only_with_trigger.py
[2023-11-12T06:49:36.910+0000] {logging_mixin.py:154} INFO - [2023-11-12T06:49:36.910+0000] {dag.py:2941} INFO - Sync 1 DAGs
[2023-11-12T06:49:36.961+0000] {logging_mixin.py:154} INFO - [2023-11-12T06:49:36.961+0000] {dag.py:3722} INFO - Setting next_dagrun for latest_only_with_trigger to 2023-11-12T02:49:36.960712+00:00, run_after=2023-11-12T06:49:36.960712+00:00
[2023-11-12T06:49:36.992+0000] {processor.py:179} INFO - Processing /home/airflow/.local/lib/python3.8/site-packages/airflow/example_dags/example_latest_only_with_trigger.py took 0.147 seconds
[2023-11-12T06:50:07.193+0000] {processor.py:157} INFO - Started process (PID=1013) to work on /home/airflow/.local/lib/python3.8/site-packages/airflow/example_dags/example_latest_only_with_trigger.py
[2023-11-12T06:50:07.194+0000] {processor.py:829} INFO - Processing file /home/airflow/.local/lib/python3.8/site-packages/airflow/example_dags/example_latest_only_with_trigger.py for tasks to queue
[2023-11-12T06:50:07.196+0000] {logging_mixin.py:154} INFO - [2023-11-12T06:50:07.195+0000] {dagbag.py:536} INFO - Filling up the DagBag from /home/airflow/.local/lib/python3.8/site-packages/airflow/example_dags/example_latest_only_with_trigger.py
[2023-11-12T06:50:07.206+0000] {processor.py:839} INFO - DAG(s) dict_keys(['latest_only_with_trigger']) retrieved from /home/airflow/.local/lib/python3.8/site-packages/airflow/example_dags/example_latest_only_with_trigger.py
[2023-11-12T06:50:07.241+0000] {logging_mixin.py:154} INFO - [2023-11-12T06:50:07.241+0000] {dag.py:2941} INFO - Sync 1 DAGs
[2023-11-12T06:50:07.280+0000] {logging_mixin.py:154} INFO - [2023-11-12T06:50:07.279+0000] {dag.py:3722} INFO - Setting next_dagrun for latest_only_with_trigger to 2023-11-12T02:50:07.279562+00:00, run_after=2023-11-12T06:50:07.279562+00:00
[2023-11-12T06:50:07.311+0000] {processor.py:179} INFO - Processing /home/airflow/.local/lib/python3.8/site-packages/airflow/example_dags/example_latest_only_with_trigger.py took 0.124 seconds
[2023-11-12T06:50:37.707+0000] {processor.py:157} INFO - Started process (PID=1251) to work on /home/airflow/.local/lib/python3.8/site-packages/airflow/example_dags/example_latest_only_with_trigger.py
[2023-11-12T06:50:37.708+0000] {processor.py:829} INFO - Processing file /home/airflow/.local/lib/python3.8/site-packages/airflow/example_dags/example_latest_only_with_trigger.py for tasks to queue
[2023-11-12T06:50:37.709+0000] {logging_mixin.py:154} INFO - [2023-11-12T06:50:37.709+0000] {dagbag.py:536} INFO - Filling up the DagBag from /home/airflow/.local/lib/python3.8/site-packages/airflow/example_dags/example_latest_only_with_trigger.py
[2023-11-12T06:50:37.717+0000] {processor.py:839} INFO - DAG(s) dict_keys(['latest_only_with_trigger']) retrieved from /home/airflow/.local/lib/python3.8/site-packages/airflow/example_dags/example_latest_only_with_trigger.py
[2023-11-12T06:50:37.747+0000] {logging_mixin.py:154} INFO - [2023-11-12T06:50:37.747+0000] {dag.py:2941} INFO - Sync 1 DAGs
[2023-11-12T06:50:37.773+0000] {logging_mixin.py:154} INFO - [2023-11-12T06:50:37.773+0000] {dag.py:3722} INFO - Setting next_dagrun for latest_only_with_trigger to 2023-11-12T02:50:37.772749+00:00, run_after=2023-11-12T06:50:37.772749+00:00
[2023-11-12T06:50:37.798+0000] {processor.py:179} INFO - Processing /home/airflow/.local/lib/python3.8/site-packages/airflow/example_dags/example_latest_only_with_trigger.py took 0.096 seconds
