[2023-11-12T06:48:35.921+0000] {processor.py:157} INFO - Started process (PID=308) to work on /home/airflow/.local/lib/python3.8/site-packages/airflow/example_dags/example_short_circuit_decorator.py
[2023-11-12T06:48:35.922+0000] {processor.py:829} INFO - Processing file /home/airflow/.local/lib/python3.8/site-packages/airflow/example_dags/example_short_circuit_decorator.py for tasks to queue
[2023-11-12T06:48:35.924+0000] {logging_mixin.py:154} INFO - [2023-11-12T06:48:35.923+0000] {dagbag.py:536} INFO - Filling up the DagBag from /home/airflow/.local/lib/python3.8/site-packages/airflow/example_dags/example_short_circuit_decorator.py
[2023-11-12T06:48:35.950+0000] {processor.py:839} INFO - DAG(s) dict_keys(['example_short_circuit_decorator']) retrieved from /home/airflow/.local/lib/python3.8/site-packages/airflow/example_dags/example_short_circuit_decorator.py
[2023-11-12T06:48:36.024+0000] {logging_mixin.py:154} INFO - [2023-11-12T06:48:36.024+0000] {dag.py:2941} INFO - Sync 1 DAGs
[2023-11-12T06:48:36.070+0000] {logging_mixin.py:154} INFO - [2023-11-12T06:48:36.070+0000] {dag.py:3722} INFO - Setting next_dagrun for example_short_circuit_decorator to 2023-11-11T06:48:36.069791+00:00, run_after=2023-11-12T06:48:36.069791+00:00
[2023-11-12T06:48:36.157+0000] {processor.py:179} INFO - Processing /home/airflow/.local/lib/python3.8/site-packages/airflow/example_dags/example_short_circuit_decorator.py took 0.244 seconds
[2023-11-12T06:49:06.285+0000] {processor.py:157} INFO - Started process (PID=547) to work on /home/airflow/.local/lib/python3.8/site-packages/airflow/example_dags/example_short_circuit_decorator.py
[2023-11-12T06:49:06.287+0000] {processor.py:829} INFO - Processing file /home/airflow/.local/lib/python3.8/site-packages/airflow/example_dags/example_short_circuit_decorator.py for tasks to queue
[2023-11-12T06:49:06.288+0000] {logging_mixin.py:154} INFO - [2023-11-12T06:49:06.288+0000] {dagbag.py:536} INFO - Filling up the DagBag from /home/airflow/.local/lib/python3.8/site-packages/airflow/example_dags/example_short_circuit_decorator.py
[2023-11-12T06:49:06.307+0000] {processor.py:839} INFO - DAG(s) dict_keys(['example_short_circuit_decorator']) retrieved from /home/airflow/.local/lib/python3.8/site-packages/airflow/example_dags/example_short_circuit_decorator.py
[2023-11-12T06:49:06.345+0000] {logging_mixin.py:154} INFO - [2023-11-12T06:49:06.345+0000] {dag.py:2941} INFO - Sync 1 DAGs
[2023-11-12T06:49:06.377+0000] {logging_mixin.py:154} INFO - [2023-11-12T06:49:06.376+0000] {dag.py:3722} INFO - Setting next_dagrun for example_short_circuit_decorator to 2023-11-11T06:49:06.376679+00:00, run_after=2023-11-12T06:49:06.376679+00:00
[2023-11-12T06:49:06.404+0000] {processor.py:179} INFO - Processing /home/airflow/.local/lib/python3.8/site-packages/airflow/example_dags/example_short_circuit_decorator.py took 0.124 seconds
[2023-11-12T06:49:37.051+0000] {processor.py:157} INFO - Started process (PID=783) to work on /home/airflow/.local/lib/python3.8/site-packages/airflow/example_dags/example_short_circuit_decorator.py
[2023-11-12T06:49:37.054+0000] {processor.py:829} INFO - Processing file /home/airflow/.local/lib/python3.8/site-packages/airflow/example_dags/example_short_circuit_decorator.py for tasks to queue
[2023-11-12T06:49:37.056+0000] {logging_mixin.py:154} INFO - [2023-11-12T06:49:37.055+0000] {dagbag.py:536} INFO - Filling up the DagBag from /home/airflow/.local/lib/python3.8/site-packages/airflow/example_dags/example_short_circuit_decorator.py
[2023-11-12T06:49:37.074+0000] {processor.py:839} INFO - DAG(s) dict_keys(['example_short_circuit_decorator']) retrieved from /home/airflow/.local/lib/python3.8/site-packages/airflow/example_dags/example_short_circuit_decorator.py
[2023-11-12T06:49:37.138+0000] {logging_mixin.py:154} INFO - [2023-11-12T06:49:37.138+0000] {dag.py:2941} INFO - Sync 1 DAGs
[2023-11-12T06:49:37.175+0000] {logging_mixin.py:154} INFO - [2023-11-12T06:49:37.174+0000] {dag.py:3722} INFO - Setting next_dagrun for example_short_circuit_decorator to 2023-11-11T06:49:37.174619+00:00, run_after=2023-11-12T06:49:37.174619+00:00
[2023-11-12T06:49:37.217+0000] {processor.py:179} INFO - Processing /home/airflow/.local/lib/python3.8/site-packages/airflow/example_dags/example_short_circuit_decorator.py took 0.172 seconds
[2023-11-12T06:50:07.368+0000] {processor.py:157} INFO - Started process (PID=1021) to work on /home/airflow/.local/lib/python3.8/site-packages/airflow/example_dags/example_short_circuit_decorator.py
[2023-11-12T06:50:07.370+0000] {processor.py:829} INFO - Processing file /home/airflow/.local/lib/python3.8/site-packages/airflow/example_dags/example_short_circuit_decorator.py for tasks to queue
[2023-11-12T06:50:07.371+0000] {logging_mixin.py:154} INFO - [2023-11-12T06:50:07.371+0000] {dagbag.py:536} INFO - Filling up the DagBag from /home/airflow/.local/lib/python3.8/site-packages/airflow/example_dags/example_short_circuit_decorator.py
[2023-11-12T06:50:07.397+0000] {processor.py:839} INFO - DAG(s) dict_keys(['example_short_circuit_decorator']) retrieved from /home/airflow/.local/lib/python3.8/site-packages/airflow/example_dags/example_short_circuit_decorator.py
[2023-11-12T06:50:07.433+0000] {logging_mixin.py:154} INFO - [2023-11-12T06:50:07.432+0000] {dag.py:2941} INFO - Sync 1 DAGs
[2023-11-12T06:50:07.476+0000] {logging_mixin.py:154} INFO - [2023-11-12T06:50:07.475+0000] {dag.py:3722} INFO - Setting next_dagrun for example_short_circuit_decorator to 2023-11-11T06:50:07.475397+00:00, run_after=2023-11-12T06:50:07.475397+00:00
[2023-11-12T06:50:07.525+0000] {processor.py:179} INFO - Processing /home/airflow/.local/lib/python3.8/site-packages/airflow/example_dags/example_short_circuit_decorator.py took 0.163 seconds
[2023-11-12T06:50:37.835+0000] {processor.py:157} INFO - Started process (PID=1261) to work on /home/airflow/.local/lib/python3.8/site-packages/airflow/example_dags/example_short_circuit_decorator.py
[2023-11-12T06:50:37.836+0000] {processor.py:829} INFO - Processing file /home/airflow/.local/lib/python3.8/site-packages/airflow/example_dags/example_short_circuit_decorator.py for tasks to queue
[2023-11-12T06:50:37.837+0000] {logging_mixin.py:154} INFO - [2023-11-12T06:50:37.837+0000] {dagbag.py:536} INFO - Filling up the DagBag from /home/airflow/.local/lib/python3.8/site-packages/airflow/example_dags/example_short_circuit_decorator.py
[2023-11-12T06:50:37.850+0000] {processor.py:839} INFO - DAG(s) dict_keys(['example_short_circuit_decorator']) retrieved from /home/airflow/.local/lib/python3.8/site-packages/airflow/example_dags/example_short_circuit_decorator.py
[2023-11-12T06:50:37.878+0000] {logging_mixin.py:154} INFO - [2023-11-12T06:50:37.878+0000] {dag.py:2941} INFO - Sync 1 DAGs
[2023-11-12T06:50:37.907+0000] {logging_mixin.py:154} INFO - [2023-11-12T06:50:37.907+0000] {dag.py:3722} INFO - Setting next_dagrun for example_short_circuit_decorator to 2023-11-11T06:50:37.906717+00:00, run_after=2023-11-12T06:50:37.906717+00:00
[2023-11-12T06:50:37.939+0000] {processor.py:179} INFO - Processing /home/airflow/.local/lib/python3.8/site-packages/airflow/example_dags/example_short_circuit_decorator.py took 0.108 seconds
