[2023-11-12T06:48:37.045+0000] {processor.py:157} INFO - Started process (PID=338) to work on /home/airflow/.local/lib/python3.8/site-packages/airflow/example_dags/example_dynamic_task_mapping_with_no_taskflow_operators.py
[2023-11-12T06:48:37.046+0000] {processor.py:829} INFO - Processing file /home/airflow/.local/lib/python3.8/site-packages/airflow/example_dags/example_dynamic_task_mapping_with_no_taskflow_operators.py for tasks to queue
[2023-11-12T06:48:37.048+0000] {logging_mixin.py:154} INFO - [2023-11-12T06:48:37.047+0000] {dagbag.py:536} INFO - Filling up the DagBag from /home/airflow/.local/lib/python3.8/site-packages/airflow/example_dags/example_dynamic_task_mapping_with_no_taskflow_operators.py
[2023-11-12T06:48:37.063+0000] {processor.py:839} INFO - DAG(s) dict_keys(['example_dynamic_task_mapping_with_no_taskflow_operators']) retrieved from /home/airflow/.local/lib/python3.8/site-packages/airflow/example_dags/example_dynamic_task_mapping_with_no_taskflow_operators.py
[2023-11-12T06:48:37.128+0000] {logging_mixin.py:154} INFO - [2023-11-12T06:48:37.128+0000] {dag.py:2941} INFO - Sync 1 DAGs
[2023-11-12T06:48:37.178+0000] {logging_mixin.py:154} INFO - [2023-11-12T06:48:37.178+0000] {dag.py:3722} INFO - Setting next_dagrun for example_dynamic_task_mapping_with_no_taskflow_operators to 2023-11-11T06:48:37.177904+00:00, run_after=2023-11-12T06:48:37.177904+00:00
[2023-11-12T06:48:37.266+0000] {processor.py:179} INFO - Processing /home/airflow/.local/lib/python3.8/site-packages/airflow/example_dags/example_dynamic_task_mapping_with_no_taskflow_operators.py took 0.249 seconds
[2023-11-12T06:49:07.945+0000] {processor.py:157} INFO - Started process (PID=575) to work on /home/airflow/.local/lib/python3.8/site-packages/airflow/example_dags/example_dynamic_task_mapping_with_no_taskflow_operators.py
[2023-11-12T06:49:07.948+0000] {processor.py:829} INFO - Processing file /home/airflow/.local/lib/python3.8/site-packages/airflow/example_dags/example_dynamic_task_mapping_with_no_taskflow_operators.py for tasks to queue
[2023-11-12T06:49:07.949+0000] {logging_mixin.py:154} INFO - [2023-11-12T06:49:07.948+0000] {dagbag.py:536} INFO - Filling up the DagBag from /home/airflow/.local/lib/python3.8/site-packages/airflow/example_dags/example_dynamic_task_mapping_with_no_taskflow_operators.py
[2023-11-12T06:49:07.962+0000] {processor.py:839} INFO - DAG(s) dict_keys(['example_dynamic_task_mapping_with_no_taskflow_operators']) retrieved from /home/airflow/.local/lib/python3.8/site-packages/airflow/example_dags/example_dynamic_task_mapping_with_no_taskflow_operators.py
[2023-11-12T06:49:08.000+0000] {logging_mixin.py:154} INFO - [2023-11-12T06:49:08.000+0000] {dag.py:2941} INFO - Sync 1 DAGs
[2023-11-12T06:49:08.043+0000] {logging_mixin.py:154} INFO - [2023-11-12T06:49:08.042+0000] {dag.py:3722} INFO - Setting next_dagrun for example_dynamic_task_mapping_with_no_taskflow_operators to 2023-11-11T06:49:08.042514+00:00, run_after=2023-11-12T06:49:08.042514+00:00
[2023-11-12T06:49:08.071+0000] {processor.py:179} INFO - Processing /home/airflow/.local/lib/python3.8/site-packages/airflow/example_dags/example_dynamic_task_mapping_with_no_taskflow_operators.py took 0.134 seconds
[2023-11-12T06:49:38.693+0000] {processor.py:157} INFO - Started process (PID=813) to work on /home/airflow/.local/lib/python3.8/site-packages/airflow/example_dags/example_dynamic_task_mapping_with_no_taskflow_operators.py
[2023-11-12T06:49:38.695+0000] {processor.py:829} INFO - Processing file /home/airflow/.local/lib/python3.8/site-packages/airflow/example_dags/example_dynamic_task_mapping_with_no_taskflow_operators.py for tasks to queue
[2023-11-12T06:49:38.696+0000] {logging_mixin.py:154} INFO - [2023-11-12T06:49:38.696+0000] {dagbag.py:536} INFO - Filling up the DagBag from /home/airflow/.local/lib/python3.8/site-packages/airflow/example_dags/example_dynamic_task_mapping_with_no_taskflow_operators.py
[2023-11-12T06:49:38.711+0000] {processor.py:839} INFO - DAG(s) dict_keys(['example_dynamic_task_mapping_with_no_taskflow_operators']) retrieved from /home/airflow/.local/lib/python3.8/site-packages/airflow/example_dags/example_dynamic_task_mapping_with_no_taskflow_operators.py
[2023-11-12T06:49:38.749+0000] {logging_mixin.py:154} INFO - [2023-11-12T06:49:38.749+0000] {dag.py:2941} INFO - Sync 1 DAGs
[2023-11-12T06:49:38.792+0000] {logging_mixin.py:154} INFO - [2023-11-12T06:49:38.792+0000] {dag.py:3722} INFO - Setting next_dagrun for example_dynamic_task_mapping_with_no_taskflow_operators to 2023-11-11T06:49:38.791709+00:00, run_after=2023-11-12T06:49:38.791709+00:00
[2023-11-12T06:49:38.819+0000] {processor.py:179} INFO - Processing /home/airflow/.local/lib/python3.8/site-packages/airflow/example_dags/example_dynamic_task_mapping_with_no_taskflow_operators.py took 0.133 seconds
[2023-11-12T06:50:09.174+0000] {processor.py:157} INFO - Started process (PID=1052) to work on /home/airflow/.local/lib/python3.8/site-packages/airflow/example_dags/example_dynamic_task_mapping_with_no_taskflow_operators.py
[2023-11-12T06:50:09.176+0000] {processor.py:829} INFO - Processing file /home/airflow/.local/lib/python3.8/site-packages/airflow/example_dags/example_dynamic_task_mapping_with_no_taskflow_operators.py for tasks to queue
[2023-11-12T06:50:09.177+0000] {logging_mixin.py:154} INFO - [2023-11-12T06:50:09.176+0000] {dagbag.py:536} INFO - Filling up the DagBag from /home/airflow/.local/lib/python3.8/site-packages/airflow/example_dags/example_dynamic_task_mapping_with_no_taskflow_operators.py
[2023-11-12T06:50:09.192+0000] {processor.py:839} INFO - DAG(s) dict_keys(['example_dynamic_task_mapping_with_no_taskflow_operators']) retrieved from /home/airflow/.local/lib/python3.8/site-packages/airflow/example_dags/example_dynamic_task_mapping_with_no_taskflow_operators.py
[2023-11-12T06:50:09.236+0000] {logging_mixin.py:154} INFO - [2023-11-12T06:50:09.236+0000] {dag.py:2941} INFO - Sync 1 DAGs
[2023-11-12T06:50:09.268+0000] {logging_mixin.py:154} INFO - [2023-11-12T06:50:09.268+0000] {dag.py:3722} INFO - Setting next_dagrun for example_dynamic_task_mapping_with_no_taskflow_operators to 2023-11-11T06:50:09.268018+00:00, run_after=2023-11-12T06:50:09.268018+00:00
[2023-11-12T06:50:09.299+0000] {processor.py:179} INFO - Processing /home/airflow/.local/lib/python3.8/site-packages/airflow/example_dags/example_dynamic_task_mapping_with_no_taskflow_operators.py took 0.132 seconds
[2023-11-12T06:50:39.462+0000] {processor.py:157} INFO - Started process (PID=1291) to work on /home/airflow/.local/lib/python3.8/site-packages/airflow/example_dags/example_dynamic_task_mapping_with_no_taskflow_operators.py
[2023-11-12T06:50:39.463+0000] {processor.py:829} INFO - Processing file /home/airflow/.local/lib/python3.8/site-packages/airflow/example_dags/example_dynamic_task_mapping_with_no_taskflow_operators.py for tasks to queue
[2023-11-12T06:50:39.464+0000] {logging_mixin.py:154} INFO - [2023-11-12T06:50:39.464+0000] {dagbag.py:536} INFO - Filling up the DagBag from /home/airflow/.local/lib/python3.8/site-packages/airflow/example_dags/example_dynamic_task_mapping_with_no_taskflow_operators.py
[2023-11-12T06:50:39.473+0000] {processor.py:839} INFO - DAG(s) dict_keys(['example_dynamic_task_mapping_with_no_taskflow_operators']) retrieved from /home/airflow/.local/lib/python3.8/site-packages/airflow/example_dags/example_dynamic_task_mapping_with_no_taskflow_operators.py
[2023-11-12T06:50:39.502+0000] {logging_mixin.py:154} INFO - [2023-11-12T06:50:39.502+0000] {dag.py:2941} INFO - Sync 1 DAGs
[2023-11-12T06:50:39.531+0000] {logging_mixin.py:154} INFO - [2023-11-12T06:50:39.531+0000] {dag.py:3722} INFO - Setting next_dagrun for example_dynamic_task_mapping_with_no_taskflow_operators to 2023-11-11T06:50:39.530668+00:00, run_after=2023-11-12T06:50:39.530668+00:00
[2023-11-12T06:50:39.552+0000] {processor.py:179} INFO - Processing /home/airflow/.local/lib/python3.8/site-packages/airflow/example_dags/example_dynamic_task_mapping_with_no_taskflow_operators.py took 0.095 seconds
