[2023-11-12T06:48:34.729+0000] {processor.py:157} INFO - Started process (PID=263) to work on /home/airflow/.local/lib/python3.8/site-packages/airflow/example_dags/example_external_task_marker_dag.py
[2023-11-12T06:48:34.731+0000] {processor.py:829} INFO - Processing file /home/airflow/.local/lib/python3.8/site-packages/airflow/example_dags/example_external_task_marker_dag.py for tasks to queue
[2023-11-12T06:48:34.733+0000] {logging_mixin.py:154} INFO - [2023-11-12T06:48:34.732+0000] {dagbag.py:536} INFO - Filling up the DagBag from /home/airflow/.local/lib/python3.8/site-packages/airflow/example_dags/example_external_task_marker_dag.py
[2023-11-12T06:48:34.750+0000] {processor.py:839} INFO - DAG(s) dict_keys(['example_external_task_marker_child', 'example_external_task_marker_parent']) retrieved from /home/airflow/.local/lib/python3.8/site-packages/airflow/example_dags/example_external_task_marker_dag.py
[2023-11-12T06:48:34.811+0000] {logging_mixin.py:154} INFO - [2023-11-12T06:48:34.811+0000] {dag.py:2941} INFO - Sync 2 DAGs
[2023-11-12T06:48:34.838+0000] {logging_mixin.py:154} INFO - [2023-11-12T06:48:34.837+0000] {dag.py:3722} INFO - Setting next_dagrun for example_external_task_marker_child to None, run_after=None
[2023-11-12T06:48:34.842+0000] {logging_mixin.py:154} INFO - [2023-11-12T06:48:34.842+0000] {dag.py:3722} INFO - Setting next_dagrun for example_external_task_marker_parent to None, run_after=None
[2023-11-12T06:48:34.869+0000] {processor.py:179} INFO - Processing /home/airflow/.local/lib/python3.8/site-packages/airflow/example_dags/example_external_task_marker_dag.py took 0.147 seconds
[2023-11-12T06:49:05.155+0000] {processor.py:157} INFO - Started process (PID=500) to work on /home/airflow/.local/lib/python3.8/site-packages/airflow/example_dags/example_external_task_marker_dag.py
[2023-11-12T06:49:05.156+0000] {processor.py:829} INFO - Processing file /home/airflow/.local/lib/python3.8/site-packages/airflow/example_dags/example_external_task_marker_dag.py for tasks to queue
[2023-11-12T06:49:05.157+0000] {logging_mixin.py:154} INFO - [2023-11-12T06:49:05.157+0000] {dagbag.py:536} INFO - Filling up the DagBag from /home/airflow/.local/lib/python3.8/site-packages/airflow/example_dags/example_external_task_marker_dag.py
[2023-11-12T06:49:05.166+0000] {processor.py:839} INFO - DAG(s) dict_keys(['example_external_task_marker_parent', 'example_external_task_marker_child']) retrieved from /home/airflow/.local/lib/python3.8/site-packages/airflow/example_dags/example_external_task_marker_dag.py
[2023-11-12T06:49:05.196+0000] {logging_mixin.py:154} INFO - [2023-11-12T06:49:05.196+0000] {dag.py:2941} INFO - Sync 2 DAGs
[2023-11-12T06:49:05.211+0000] {logging_mixin.py:154} INFO - [2023-11-12T06:49:05.211+0000] {dag.py:3722} INFO - Setting next_dagrun for example_external_task_marker_child to None, run_after=None
[2023-11-12T06:49:05.215+0000] {logging_mixin.py:154} INFO - [2023-11-12T06:49:05.214+0000] {dag.py:3722} INFO - Setting next_dagrun for example_external_task_marker_parent to None, run_after=None
[2023-11-12T06:49:05.236+0000] {processor.py:179} INFO - Processing /home/airflow/.local/lib/python3.8/site-packages/airflow/example_dags/example_external_task_marker_dag.py took 0.086 seconds
[2023-11-12T06:49:35.959+0000] {processor.py:157} INFO - Started process (PID=738) to work on /home/airflow/.local/lib/python3.8/site-packages/airflow/example_dags/example_external_task_marker_dag.py
[2023-11-12T06:49:35.961+0000] {processor.py:829} INFO - Processing file /home/airflow/.local/lib/python3.8/site-packages/airflow/example_dags/example_external_task_marker_dag.py for tasks to queue
[2023-11-12T06:49:35.963+0000] {logging_mixin.py:154} INFO - [2023-11-12T06:49:35.962+0000] {dagbag.py:536} INFO - Filling up the DagBag from /home/airflow/.local/lib/python3.8/site-packages/airflow/example_dags/example_external_task_marker_dag.py
[2023-11-12T06:49:35.974+0000] {processor.py:839} INFO - DAG(s) dict_keys(['example_external_task_marker_child', 'example_external_task_marker_parent']) retrieved from /home/airflow/.local/lib/python3.8/site-packages/airflow/example_dags/example_external_task_marker_dag.py
[2023-11-12T06:49:36.040+0000] {logging_mixin.py:154} INFO - [2023-11-12T06:49:36.040+0000] {dag.py:2941} INFO - Sync 2 DAGs
[2023-11-12T06:49:36.077+0000] {logging_mixin.py:154} INFO - [2023-11-12T06:49:36.077+0000] {dag.py:3722} INFO - Setting next_dagrun for example_external_task_marker_child to None, run_after=None
[2023-11-12T06:49:36.084+0000] {logging_mixin.py:154} INFO - [2023-11-12T06:49:36.083+0000] {dag.py:3722} INFO - Setting next_dagrun for example_external_task_marker_parent to None, run_after=None
[2023-11-12T06:49:36.133+0000] {processor.py:179} INFO - Processing /home/airflow/.local/lib/python3.8/site-packages/airflow/example_dags/example_external_task_marker_dag.py took 0.180 seconds
[2023-11-12T06:50:06.383+0000] {processor.py:157} INFO - Started process (PID=976) to work on /home/airflow/.local/lib/python3.8/site-packages/airflow/example_dags/example_external_task_marker_dag.py
[2023-11-12T06:50:06.384+0000] {processor.py:829} INFO - Processing file /home/airflow/.local/lib/python3.8/site-packages/airflow/example_dags/example_external_task_marker_dag.py for tasks to queue
[2023-11-12T06:50:06.386+0000] {logging_mixin.py:154} INFO - [2023-11-12T06:50:06.385+0000] {dagbag.py:536} INFO - Filling up the DagBag from /home/airflow/.local/lib/python3.8/site-packages/airflow/example_dags/example_external_task_marker_dag.py
[2023-11-12T06:50:06.397+0000] {processor.py:839} INFO - DAG(s) dict_keys(['example_external_task_marker_parent', 'example_external_task_marker_child']) retrieved from /home/airflow/.local/lib/python3.8/site-packages/airflow/example_dags/example_external_task_marker_dag.py
[2023-11-12T06:50:06.443+0000] {logging_mixin.py:154} INFO - [2023-11-12T06:50:06.442+0000] {dag.py:2941} INFO - Sync 2 DAGs
[2023-11-12T06:50:06.466+0000] {logging_mixin.py:154} INFO - [2023-11-12T06:50:06.466+0000] {dag.py:3722} INFO - Setting next_dagrun for example_external_task_marker_child to None, run_after=None
[2023-11-12T06:50:06.471+0000] {logging_mixin.py:154} INFO - [2023-11-12T06:50:06.471+0000] {dag.py:3722} INFO - Setting next_dagrun for example_external_task_marker_parent to None, run_after=None
[2023-11-12T06:50:06.497+0000] {processor.py:179} INFO - Processing /home/airflow/.local/lib/python3.8/site-packages/airflow/example_dags/example_external_task_marker_dag.py took 0.119 seconds
[2023-11-12T06:50:36.617+0000] {processor.py:157} INFO - Started process (PID=1209) to work on /home/airflow/.local/lib/python3.8/site-packages/airflow/example_dags/example_external_task_marker_dag.py
[2023-11-12T06:50:36.619+0000] {processor.py:829} INFO - Processing file /home/airflow/.local/lib/python3.8/site-packages/airflow/example_dags/example_external_task_marker_dag.py for tasks to queue
[2023-11-12T06:50:36.623+0000] {logging_mixin.py:154} INFO - [2023-11-12T06:50:36.621+0000] {dagbag.py:536} INFO - Filling up the DagBag from /home/airflow/.local/lib/python3.8/site-packages/airflow/example_dags/example_external_task_marker_dag.py
[2023-11-12T06:50:36.634+0000] {processor.py:839} INFO - DAG(s) dict_keys(['example_external_task_marker_parent', 'example_external_task_marker_child']) retrieved from /home/airflow/.local/lib/python3.8/site-packages/airflow/example_dags/example_external_task_marker_dag.py
[2023-11-12T06:50:36.704+0000] {logging_mixin.py:154} INFO - [2023-11-12T06:50:36.703+0000] {dag.py:2941} INFO - Sync 2 DAGs
[2023-11-12T06:50:36.732+0000] {logging_mixin.py:154} INFO - [2023-11-12T06:50:36.732+0000] {dag.py:3722} INFO - Setting next_dagrun for example_external_task_marker_child to None, run_after=None
[2023-11-12T06:50:36.741+0000] {logging_mixin.py:154} INFO - [2023-11-12T06:50:36.741+0000] {dag.py:3722} INFO - Setting next_dagrun for example_external_task_marker_parent to None, run_after=None
[2023-11-12T06:50:36.776+0000] {processor.py:179} INFO - Processing /home/airflow/.local/lib/python3.8/site-packages/airflow/example_dags/example_external_task_marker_dag.py took 0.166 seconds
