[2023-11-12T06:48:32.213+0000] {processor.py:157} INFO - Started process (PID=193) to work on /home/airflow/.local/lib/python3.8/site-packages/airflow/example_dags/example_params_trigger_ui.py
[2023-11-12T06:48:32.215+0000] {processor.py:829} INFO - Processing file /home/airflow/.local/lib/python3.8/site-packages/airflow/example_dags/example_params_trigger_ui.py for tasks to queue
[2023-11-12T06:48:32.218+0000] {logging_mixin.py:154} INFO - [2023-11-12T06:48:32.218+0000] {dagbag.py:536} INFO - Filling up the DagBag from /home/airflow/.local/lib/python3.8/site-packages/airflow/example_dags/example_params_trigger_ui.py
[2023-11-12T06:48:32.284+0000] {processor.py:839} INFO - DAG(s) dict_keys(['example_params_trigger_ui']) retrieved from /home/airflow/.local/lib/python3.8/site-packages/airflow/example_dags/example_params_trigger_ui.py
[2023-11-12T06:48:32.425+0000] {logging_mixin.py:154} INFO - [2023-11-12T06:48:32.425+0000] {dag.py:2941} INFO - Sync 1 DAGs
[2023-11-12T06:48:32.445+0000] {logging_mixin.py:154} INFO - [2023-11-12T06:48:32.445+0000] {dag.py:3722} INFO - Setting next_dagrun for example_params_trigger_ui to None, run_after=None
[2023-11-12T06:48:32.493+0000] {processor.py:179} INFO - Processing /home/airflow/.local/lib/python3.8/site-packages/airflow/example_dags/example_params_trigger_ui.py took 0.290 seconds
[2023-11-12T06:49:02.957+0000] {processor.py:157} INFO - Started process (PID=430) to work on /home/airflow/.local/lib/python3.8/site-packages/airflow/example_dags/example_params_trigger_ui.py
[2023-11-12T06:49:02.958+0000] {processor.py:829} INFO - Processing file /home/airflow/.local/lib/python3.8/site-packages/airflow/example_dags/example_params_trigger_ui.py for tasks to queue
[2023-11-12T06:49:02.959+0000] {logging_mixin.py:154} INFO - [2023-11-12T06:49:02.959+0000] {dagbag.py:536} INFO - Filling up the DagBag from /home/airflow/.local/lib/python3.8/site-packages/airflow/example_dags/example_params_trigger_ui.py
[2023-11-12T06:49:02.983+0000] {processor.py:839} INFO - DAG(s) dict_keys(['example_params_trigger_ui']) retrieved from /home/airflow/.local/lib/python3.8/site-packages/airflow/example_dags/example_params_trigger_ui.py
[2023-11-12T06:49:03.075+0000] {logging_mixin.py:154} INFO - [2023-11-12T06:49:03.074+0000] {dag.py:2941} INFO - Sync 1 DAGs
[2023-11-12T06:49:03.107+0000] {logging_mixin.py:154} INFO - [2023-11-12T06:49:03.107+0000] {dag.py:3722} INFO - Setting next_dagrun for example_params_trigger_ui to None, run_after=None
[2023-11-12T06:49:03.134+0000] {processor.py:179} INFO - Processing /home/airflow/.local/lib/python3.8/site-packages/airflow/example_dags/example_params_trigger_ui.py took 0.182 seconds
[2023-11-12T06:49:33.399+0000] {processor.py:157} INFO - Started process (PID=668) to work on /home/airflow/.local/lib/python3.8/site-packages/airflow/example_dags/example_params_trigger_ui.py
[2023-11-12T06:49:33.401+0000] {processor.py:829} INFO - Processing file /home/airflow/.local/lib/python3.8/site-packages/airflow/example_dags/example_params_trigger_ui.py for tasks to queue
[2023-11-12T06:49:33.403+0000] {logging_mixin.py:154} INFO - [2023-11-12T06:49:33.402+0000] {dagbag.py:536} INFO - Filling up the DagBag from /home/airflow/.local/lib/python3.8/site-packages/airflow/example_dags/example_params_trigger_ui.py
[2023-11-12T06:49:33.441+0000] {processor.py:839} INFO - DAG(s) dict_keys(['example_params_trigger_ui']) retrieved from /home/airflow/.local/lib/python3.8/site-packages/airflow/example_dags/example_params_trigger_ui.py
[2023-11-12T06:49:33.532+0000] {logging_mixin.py:154} INFO - [2023-11-12T06:49:33.532+0000] {dag.py:2941} INFO - Sync 1 DAGs
[2023-11-12T06:49:33.556+0000] {logging_mixin.py:154} INFO - [2023-11-12T06:49:33.556+0000] {dag.py:3722} INFO - Setting next_dagrun for example_params_trigger_ui to None, run_after=None
[2023-11-12T06:49:33.591+0000] {processor.py:179} INFO - Processing /home/airflow/.local/lib/python3.8/site-packages/airflow/example_dags/example_params_trigger_ui.py took 0.199 seconds
[2023-11-12T06:50:04.113+0000] {processor.py:157} INFO - Started process (PID=906) to work on /home/airflow/.local/lib/python3.8/site-packages/airflow/example_dags/example_params_trigger_ui.py
[2023-11-12T06:50:04.114+0000] {processor.py:829} INFO - Processing file /home/airflow/.local/lib/python3.8/site-packages/airflow/example_dags/example_params_trigger_ui.py for tasks to queue
[2023-11-12T06:50:04.115+0000] {logging_mixin.py:154} INFO - [2023-11-12T06:50:04.115+0000] {dagbag.py:536} INFO - Filling up the DagBag from /home/airflow/.local/lib/python3.8/site-packages/airflow/example_dags/example_params_trigger_ui.py
[2023-11-12T06:50:04.143+0000] {processor.py:839} INFO - DAG(s) dict_keys(['example_params_trigger_ui']) retrieved from /home/airflow/.local/lib/python3.8/site-packages/airflow/example_dags/example_params_trigger_ui.py
[2023-11-12T06:50:04.221+0000] {logging_mixin.py:154} INFO - [2023-11-12T06:50:04.220+0000] {dag.py:2941} INFO - Sync 1 DAGs
[2023-11-12T06:50:04.241+0000] {logging_mixin.py:154} INFO - [2023-11-12T06:50:04.241+0000] {dag.py:3722} INFO - Setting next_dagrun for example_params_trigger_ui to None, run_after=None
[2023-11-12T06:50:04.295+0000] {processor.py:179} INFO - Processing /home/airflow/.local/lib/python3.8/site-packages/airflow/example_dags/example_params_trigger_ui.py took 0.188 seconds
[2023-11-12T06:50:34.546+0000] {processor.py:157} INFO - Started process (PID=1144) to work on /home/airflow/.local/lib/python3.8/site-packages/airflow/example_dags/example_params_trigger_ui.py
[2023-11-12T06:50:34.547+0000] {processor.py:829} INFO - Processing file /home/airflow/.local/lib/python3.8/site-packages/airflow/example_dags/example_params_trigger_ui.py for tasks to queue
[2023-11-12T06:50:34.548+0000] {logging_mixin.py:154} INFO - [2023-11-12T06:50:34.548+0000] {dagbag.py:536} INFO - Filling up the DagBag from /home/airflow/.local/lib/python3.8/site-packages/airflow/example_dags/example_params_trigger_ui.py
[2023-11-12T06:50:34.578+0000] {processor.py:839} INFO - DAG(s) dict_keys(['example_params_trigger_ui']) retrieved from /home/airflow/.local/lib/python3.8/site-packages/airflow/example_dags/example_params_trigger_ui.py
[2023-11-12T06:50:34.653+0000] {logging_mixin.py:154} INFO - [2023-11-12T06:50:34.653+0000] {dag.py:2941} INFO - Sync 1 DAGs
[2023-11-12T06:50:34.668+0000] {logging_mixin.py:154} INFO - [2023-11-12T06:50:34.668+0000] {dag.py:3722} INFO - Setting next_dagrun for example_params_trigger_ui to None, run_after=None
[2023-11-12T06:50:34.696+0000] {processor.py:179} INFO - Processing /home/airflow/.local/lib/python3.8/site-packages/airflow/example_dags/example_params_trigger_ui.py took 0.155 seconds
