[2023-11-12T06:48:32.751+0000] {processor.py:157} INFO - Started process (PID=213) to work on /home/airflow/.local/lib/python3.8/site-packages/airflow/example_dags/example_branch_day_of_week_operator.py
[2023-11-12T06:48:32.753+0000] {processor.py:829} INFO - Processing file /home/airflow/.local/lib/python3.8/site-packages/airflow/example_dags/example_branch_day_of_week_operator.py for tasks to queue
[2023-11-12T06:48:32.754+0000] {logging_mixin.py:154} INFO - [2023-11-12T06:48:32.753+0000] {dagbag.py:536} INFO - Filling up the DagBag from /home/airflow/.local/lib/python3.8/site-packages/airflow/example_dags/example_branch_day_of_week_operator.py
[2023-11-12T06:48:32.782+0000] {processor.py:839} INFO - DAG(s) dict_keys(['example_weekday_branch_operator']) retrieved from /home/airflow/.local/lib/python3.8/site-packages/airflow/example_dags/example_branch_day_of_week_operator.py
[2023-11-12T06:48:32.861+0000] {logging_mixin.py:154} INFO - [2023-11-12T06:48:32.861+0000] {dag.py:2941} INFO - Sync 1 DAGs
[2023-11-12T06:48:32.901+0000] {logging_mixin.py:154} INFO - [2023-11-12T06:48:32.900+0000] {dag.py:3722} INFO - Setting next_dagrun for example_weekday_branch_operator to 2023-11-11T00:00:00+00:00, run_after=2023-11-12T00:00:00+00:00
[2023-11-12T06:48:32.937+0000] {processor.py:179} INFO - Processing /home/airflow/.local/lib/python3.8/site-packages/airflow/example_dags/example_branch_day_of_week_operator.py took 0.198 seconds
[2023-11-12T06:49:03.329+0000] {processor.py:157} INFO - Started process (PID=450) to work on /home/airflow/.local/lib/python3.8/site-packages/airflow/example_dags/example_branch_day_of_week_operator.py
[2023-11-12T06:49:03.331+0000] {processor.py:829} INFO - Processing file /home/airflow/.local/lib/python3.8/site-packages/airflow/example_dags/example_branch_day_of_week_operator.py for tasks to queue
[2023-11-12T06:49:03.332+0000] {logging_mixin.py:154} INFO - [2023-11-12T06:49:03.332+0000] {dagbag.py:536} INFO - Filling up the DagBag from /home/airflow/.local/lib/python3.8/site-packages/airflow/example_dags/example_branch_day_of_week_operator.py
[2023-11-12T06:49:03.345+0000] {processor.py:839} INFO - DAG(s) dict_keys(['example_weekday_branch_operator']) retrieved from /home/airflow/.local/lib/python3.8/site-packages/airflow/example_dags/example_branch_day_of_week_operator.py
[2023-11-12T06:49:03.376+0000] {logging_mixin.py:154} INFO - [2023-11-12T06:49:03.376+0000] {dag.py:2941} INFO - Sync 1 DAGs
[2023-11-12T06:49:03.408+0000] {logging_mixin.py:154} INFO - [2023-11-12T06:49:03.407+0000] {dag.py:3722} INFO - Setting next_dagrun for example_weekday_branch_operator to 2023-11-11T00:00:00+00:00, run_after=2023-11-12T00:00:00+00:00
[2023-11-12T06:49:03.437+0000] {processor.py:179} INFO - Processing /home/airflow/.local/lib/python3.8/site-packages/airflow/example_dags/example_branch_day_of_week_operator.py took 0.113 seconds
[2023-11-12T06:49:33.853+0000] {processor.py:157} INFO - Started process (PID=688) to work on /home/airflow/.local/lib/python3.8/site-packages/airflow/example_dags/example_branch_day_of_week_operator.py
[2023-11-12T06:49:33.855+0000] {processor.py:829} INFO - Processing file /home/airflow/.local/lib/python3.8/site-packages/airflow/example_dags/example_branch_day_of_week_operator.py for tasks to queue
[2023-11-12T06:49:33.857+0000] {logging_mixin.py:154} INFO - [2023-11-12T06:49:33.856+0000] {dagbag.py:536} INFO - Filling up the DagBag from /home/airflow/.local/lib/python3.8/site-packages/airflow/example_dags/example_branch_day_of_week_operator.py
[2023-11-12T06:49:33.872+0000] {processor.py:839} INFO - DAG(s) dict_keys(['example_weekday_branch_operator']) retrieved from /home/airflow/.local/lib/python3.8/site-packages/airflow/example_dags/example_branch_day_of_week_operator.py
[2023-11-12T06:49:33.919+0000] {logging_mixin.py:154} INFO - [2023-11-12T06:49:33.918+0000] {dag.py:2941} INFO - Sync 1 DAGs
[2023-11-12T06:49:33.963+0000] {logging_mixin.py:154} INFO - [2023-11-12T06:49:33.963+0000] {dag.py:3722} INFO - Setting next_dagrun for example_weekday_branch_operator to 2023-11-11T00:00:00+00:00, run_after=2023-11-12T00:00:00+00:00
[2023-11-12T06:49:34.010+0000] {processor.py:179} INFO - Processing /home/airflow/.local/lib/python3.8/site-packages/airflow/example_dags/example_branch_day_of_week_operator.py took 0.164 seconds
[2023-11-12T06:50:04.492+0000] {processor.py:157} INFO - Started process (PID=926) to work on /home/airflow/.local/lib/python3.8/site-packages/airflow/example_dags/example_branch_day_of_week_operator.py
[2023-11-12T06:50:04.494+0000] {processor.py:829} INFO - Processing file /home/airflow/.local/lib/python3.8/site-packages/airflow/example_dags/example_branch_day_of_week_operator.py for tasks to queue
[2023-11-12T06:50:04.496+0000] {logging_mixin.py:154} INFO - [2023-11-12T06:50:04.496+0000] {dagbag.py:536} INFO - Filling up the DagBag from /home/airflow/.local/lib/python3.8/site-packages/airflow/example_dags/example_branch_day_of_week_operator.py
[2023-11-12T06:50:04.508+0000] {processor.py:839} INFO - DAG(s) dict_keys(['example_weekday_branch_operator']) retrieved from /home/airflow/.local/lib/python3.8/site-packages/airflow/example_dags/example_branch_day_of_week_operator.py
[2023-11-12T06:50:04.550+0000] {logging_mixin.py:154} INFO - [2023-11-12T06:50:04.550+0000] {dag.py:2941} INFO - Sync 1 DAGs
[2023-11-12T06:50:04.586+0000] {logging_mixin.py:154} INFO - [2023-11-12T06:50:04.585+0000] {dag.py:3722} INFO - Setting next_dagrun for example_weekday_branch_operator to 2023-11-11T00:00:00+00:00, run_after=2023-11-12T00:00:00+00:00
[2023-11-12T06:50:04.620+0000] {processor.py:179} INFO - Processing /home/airflow/.local/lib/python3.8/site-packages/airflow/example_dags/example_branch_day_of_week_operator.py took 0.134 seconds
[2023-11-12T06:50:34.850+0000] {processor.py:157} INFO - Started process (PID=1164) to work on /home/airflow/.local/lib/python3.8/site-packages/airflow/example_dags/example_branch_day_of_week_operator.py
[2023-11-12T06:50:34.851+0000] {processor.py:829} INFO - Processing file /home/airflow/.local/lib/python3.8/site-packages/airflow/example_dags/example_branch_day_of_week_operator.py for tasks to queue
[2023-11-12T06:50:34.852+0000] {logging_mixin.py:154} INFO - [2023-11-12T06:50:34.852+0000] {dagbag.py:536} INFO - Filling up the DagBag from /home/airflow/.local/lib/python3.8/site-packages/airflow/example_dags/example_branch_day_of_week_operator.py
[2023-11-12T06:50:34.864+0000] {processor.py:839} INFO - DAG(s) dict_keys(['example_weekday_branch_operator']) retrieved from /home/airflow/.local/lib/python3.8/site-packages/airflow/example_dags/example_branch_day_of_week_operator.py
[2023-11-12T06:50:34.898+0000] {logging_mixin.py:154} INFO - [2023-11-12T06:50:34.898+0000] {dag.py:2941} INFO - Sync 1 DAGs
[2023-11-12T06:50:34.928+0000] {logging_mixin.py:154} INFO - [2023-11-12T06:50:34.928+0000] {dag.py:3722} INFO - Setting next_dagrun for example_weekday_branch_operator to 2023-11-11T00:00:00+00:00, run_after=2023-11-12T00:00:00+00:00
[2023-11-12T06:50:34.951+0000] {processor.py:179} INFO - Processing /home/airflow/.local/lib/python3.8/site-packages/airflow/example_dags/example_branch_day_of_week_operator.py took 0.107 seconds
