[2023-11-12T06:48:31.513+0000] {processor.py:157} INFO - Started process (PID=174) to work on /home/airflow/.local/lib/python3.8/site-packages/airflow/example_dags/example_setup_teardown.py
[2023-11-12T06:48:31.527+0000] {processor.py:829} INFO - Processing file /home/airflow/.local/lib/python3.8/site-packages/airflow/example_dags/example_setup_teardown.py for tasks to queue
[2023-11-12T06:48:31.529+0000] {logging_mixin.py:154} INFO - [2023-11-12T06:48:31.528+0000] {dagbag.py:536} INFO - Filling up the DagBag from /home/airflow/.local/lib/python3.8/site-packages/airflow/example_dags/example_setup_teardown.py
[2023-11-12T06:48:31.563+0000] {processor.py:839} INFO - DAG(s) dict_keys(['example_setup_teardown']) retrieved from /home/airflow/.local/lib/python3.8/site-packages/airflow/example_dags/example_setup_teardown.py
[2023-11-12T06:48:31.692+0000] {logging_mixin.py:154} INFO - [2023-11-12T06:48:31.692+0000] {dag.py:2941} INFO - Sync 1 DAGs
[2023-11-12T06:48:31.756+0000] {logging_mixin.py:154} INFO - [2023-11-12T06:48:31.756+0000] {dag.py:3722} INFO - Setting next_dagrun for example_setup_teardown to 2023-11-11T06:48:31.756266+00:00, run_after=2023-11-12T06:48:31.756266+00:00
[2023-11-12T06:48:31.840+0000] {processor.py:179} INFO - Processing /home/airflow/.local/lib/python3.8/site-packages/airflow/example_dags/example_setup_teardown.py took 0.337 seconds
[2023-11-12T06:49:02.694+0000] {processor.py:157} INFO - Started process (PID=412) to work on /home/airflow/.local/lib/python3.8/site-packages/airflow/example_dags/example_setup_teardown.py
[2023-11-12T06:49:02.696+0000] {processor.py:829} INFO - Processing file /home/airflow/.local/lib/python3.8/site-packages/airflow/example_dags/example_setup_teardown.py for tasks to queue
[2023-11-12T06:49:02.697+0000] {logging_mixin.py:154} INFO - [2023-11-12T06:49:02.697+0000] {dagbag.py:536} INFO - Filling up the DagBag from /home/airflow/.local/lib/python3.8/site-packages/airflow/example_dags/example_setup_teardown.py
[2023-11-12T06:49:02.707+0000] {processor.py:839} INFO - DAG(s) dict_keys(['example_setup_teardown']) retrieved from /home/airflow/.local/lib/python3.8/site-packages/airflow/example_dags/example_setup_teardown.py
[2023-11-12T06:49:02.736+0000] {logging_mixin.py:154} INFO - [2023-11-12T06:49:02.735+0000] {dag.py:2941} INFO - Sync 1 DAGs
[2023-11-12T06:49:02.775+0000] {logging_mixin.py:154} INFO - [2023-11-12T06:49:02.775+0000] {dag.py:3722} INFO - Setting next_dagrun for example_setup_teardown to 2023-11-11T06:49:02.774886+00:00, run_after=2023-11-12T06:49:02.774886+00:00
[2023-11-12T06:49:02.803+0000] {processor.py:179} INFO - Processing /home/airflow/.local/lib/python3.8/site-packages/airflow/example_dags/example_setup_teardown.py took 0.113 seconds
[2023-11-12T06:49:33.002+0000] {processor.py:157} INFO - Started process (PID=650) to work on /home/airflow/.local/lib/python3.8/site-packages/airflow/example_dags/example_setup_teardown.py
[2023-11-12T06:49:33.005+0000] {processor.py:829} INFO - Processing file /home/airflow/.local/lib/python3.8/site-packages/airflow/example_dags/example_setup_teardown.py for tasks to queue
[2023-11-12T06:49:33.007+0000] {logging_mixin.py:154} INFO - [2023-11-12T06:49:33.006+0000] {dagbag.py:536} INFO - Filling up the DagBag from /home/airflow/.local/lib/python3.8/site-packages/airflow/example_dags/example_setup_teardown.py
[2023-11-12T06:49:33.020+0000] {processor.py:839} INFO - DAG(s) dict_keys(['example_setup_teardown']) retrieved from /home/airflow/.local/lib/python3.8/site-packages/airflow/example_dags/example_setup_teardown.py
[2023-11-12T06:49:33.072+0000] {logging_mixin.py:154} INFO - [2023-11-12T06:49:33.071+0000] {dag.py:2941} INFO - Sync 1 DAGs
[2023-11-12T06:49:33.110+0000] {logging_mixin.py:154} INFO - [2023-11-12T06:49:33.110+0000] {dag.py:3722} INFO - Setting next_dagrun for example_setup_teardown to 2023-11-11T06:49:33.110138+00:00, run_after=2023-11-12T06:49:33.110138+00:00
[2023-11-12T06:49:33.143+0000] {processor.py:179} INFO - Processing /home/airflow/.local/lib/python3.8/site-packages/airflow/example_dags/example_setup_teardown.py took 0.148 seconds
[2023-11-12T06:50:03.797+0000] {processor.py:157} INFO - Started process (PID=888) to work on /home/airflow/.local/lib/python3.8/site-packages/airflow/example_dags/example_setup_teardown.py
[2023-11-12T06:50:03.798+0000] {processor.py:829} INFO - Processing file /home/airflow/.local/lib/python3.8/site-packages/airflow/example_dags/example_setup_teardown.py for tasks to queue
[2023-11-12T06:50:03.799+0000] {logging_mixin.py:154} INFO - [2023-11-12T06:50:03.799+0000] {dagbag.py:536} INFO - Filling up the DagBag from /home/airflow/.local/lib/python3.8/site-packages/airflow/example_dags/example_setup_teardown.py
[2023-11-12T06:50:03.814+0000] {processor.py:839} INFO - DAG(s) dict_keys(['example_setup_teardown']) retrieved from /home/airflow/.local/lib/python3.8/site-packages/airflow/example_dags/example_setup_teardown.py
[2023-11-12T06:50:03.859+0000] {logging_mixin.py:154} INFO - [2023-11-12T06:50:03.858+0000] {dag.py:2941} INFO - Sync 1 DAGs
[2023-11-12T06:50:03.894+0000] {logging_mixin.py:154} INFO - [2023-11-12T06:50:03.893+0000] {dag.py:3722} INFO - Setting next_dagrun for example_setup_teardown to 2023-11-11T06:50:03.893232+00:00, run_after=2023-11-12T06:50:03.893232+00:00
[2023-11-12T06:50:03.923+0000] {processor.py:179} INFO - Processing /home/airflow/.local/lib/python3.8/site-packages/airflow/example_dags/example_setup_teardown.py took 0.134 seconds
[2023-11-12T06:50:34.198+0000] {processor.py:157} INFO - Started process (PID=1126) to work on /home/airflow/.local/lib/python3.8/site-packages/airflow/example_dags/example_setup_teardown.py
[2023-11-12T06:50:34.200+0000] {processor.py:829} INFO - Processing file /home/airflow/.local/lib/python3.8/site-packages/airflow/example_dags/example_setup_teardown.py for tasks to queue
[2023-11-12T06:50:34.202+0000] {logging_mixin.py:154} INFO - [2023-11-12T06:50:34.201+0000] {dagbag.py:536} INFO - Filling up the DagBag from /home/airflow/.local/lib/python3.8/site-packages/airflow/example_dags/example_setup_teardown.py
[2023-11-12T06:50:34.215+0000] {processor.py:839} INFO - DAG(s) dict_keys(['example_setup_teardown']) retrieved from /home/airflow/.local/lib/python3.8/site-packages/airflow/example_dags/example_setup_teardown.py
[2023-11-12T06:50:34.250+0000] {logging_mixin.py:154} INFO - [2023-11-12T06:50:34.249+0000] {dag.py:2941} INFO - Sync 1 DAGs
[2023-11-12T06:50:34.289+0000] {logging_mixin.py:154} INFO - [2023-11-12T06:50:34.288+0000] {dag.py:3722} INFO - Setting next_dagrun for example_setup_teardown to 2023-11-11T06:50:34.288629+00:00, run_after=2023-11-12T06:50:34.288629+00:00
[2023-11-12T06:50:34.321+0000] {processor.py:179} INFO - Processing /home/airflow/.local/lib/python3.8/site-packages/airflow/example_dags/example_setup_teardown.py took 0.129 seconds
