[2023-11-12T06:48:36.491+0000] {processor.py:157} INFO - Started process (PID=325) to work on /home/airflow/.local/lib/python3.8/site-packages/airflow/example_dags/example_complex.py
[2023-11-12T06:48:36.492+0000] {processor.py:829} INFO - Processing file /home/airflow/.local/lib/python3.8/site-packages/airflow/example_dags/example_complex.py for tasks to queue
[2023-11-12T06:48:36.494+0000] {logging_mixin.py:154} INFO - [2023-11-12T06:48:36.493+0000] {dagbag.py:536} INFO - Filling up the DagBag from /home/airflow/.local/lib/python3.8/site-packages/airflow/example_dags/example_complex.py
[2023-11-12T06:48:36.525+0000] {processor.py:839} INFO - DAG(s) dict_keys(['example_complex']) retrieved from /home/airflow/.local/lib/python3.8/site-packages/airflow/example_dags/example_complex.py
[2023-11-12T06:48:36.624+0000] {logging_mixin.py:154} INFO - [2023-11-12T06:48:36.624+0000] {dag.py:2941} INFO - Sync 1 DAGs
[2023-11-12T06:48:36.645+0000] {logging_mixin.py:154} INFO - [2023-11-12T06:48:36.645+0000] {dag.py:3722} INFO - Setting next_dagrun for example_complex to None, run_after=None
[2023-11-12T06:48:36.675+0000] {processor.py:179} INFO - Processing /home/airflow/.local/lib/python3.8/site-packages/airflow/example_dags/example_complex.py took 0.190 seconds
[2023-11-12T06:49:06.762+0000] {processor.py:157} INFO - Started process (PID=562) to work on /home/airflow/.local/lib/python3.8/site-packages/airflow/example_dags/example_complex.py
[2023-11-12T06:49:06.763+0000] {processor.py:829} INFO - Processing file /home/airflow/.local/lib/python3.8/site-packages/airflow/example_dags/example_complex.py for tasks to queue
[2023-11-12T06:49:06.764+0000] {logging_mixin.py:154} INFO - [2023-11-12T06:49:06.764+0000] {dagbag.py:536} INFO - Filling up the DagBag from /home/airflow/.local/lib/python3.8/site-packages/airflow/example_dags/example_complex.py
[2023-11-12T06:49:06.780+0000] {processor.py:839} INFO - DAG(s) dict_keys(['example_complex']) retrieved from /home/airflow/.local/lib/python3.8/site-packages/airflow/example_dags/example_complex.py
[2023-11-12T06:49:06.822+0000] {logging_mixin.py:154} INFO - [2023-11-12T06:49:06.821+0000] {dag.py:2941} INFO - Sync 1 DAGs
[2023-11-12T06:49:06.840+0000] {logging_mixin.py:154} INFO - [2023-11-12T06:49:06.840+0000] {dag.py:3722} INFO - Setting next_dagrun for example_complex to None, run_after=None
[2023-11-12T06:49:06.865+0000] {processor.py:179} INFO - Processing /home/airflow/.local/lib/python3.8/site-packages/airflow/example_dags/example_complex.py took 0.108 seconds
[2023-11-12T06:49:37.424+0000] {processor.py:157} INFO - Started process (PID=798) to work on /home/airflow/.local/lib/python3.8/site-packages/airflow/example_dags/example_complex.py
[2023-11-12T06:49:37.426+0000] {processor.py:829} INFO - Processing file /home/airflow/.local/lib/python3.8/site-packages/airflow/example_dags/example_complex.py for tasks to queue
[2023-11-12T06:49:37.428+0000] {logging_mixin.py:154} INFO - [2023-11-12T06:49:37.427+0000] {dagbag.py:536} INFO - Filling up the DagBag from /home/airflow/.local/lib/python3.8/site-packages/airflow/example_dags/example_complex.py
[2023-11-12T06:49:37.450+0000] {processor.py:839} INFO - DAG(s) dict_keys(['example_complex']) retrieved from /home/airflow/.local/lib/python3.8/site-packages/airflow/example_dags/example_complex.py
[2023-11-12T06:49:37.508+0000] {logging_mixin.py:154} INFO - [2023-11-12T06:49:37.508+0000] {dag.py:2941} INFO - Sync 1 DAGs
[2023-11-12T06:49:37.531+0000] {logging_mixin.py:154} INFO - [2023-11-12T06:49:37.531+0000] {dag.py:3722} INFO - Setting next_dagrun for example_complex to None, run_after=None
[2023-11-12T06:49:37.561+0000] {processor.py:179} INFO - Processing /home/airflow/.local/lib/python3.8/site-packages/airflow/example_dags/example_complex.py took 0.146 seconds
[2023-11-12T06:50:07.984+0000] {processor.py:157} INFO - Started process (PID=1038) to work on /home/airflow/.local/lib/python3.8/site-packages/airflow/example_dags/example_complex.py
[2023-11-12T06:50:07.987+0000] {processor.py:829} INFO - Processing file /home/airflow/.local/lib/python3.8/site-packages/airflow/example_dags/example_complex.py for tasks to queue
[2023-11-12T06:50:07.988+0000] {logging_mixin.py:154} INFO - [2023-11-12T06:50:07.988+0000] {dagbag.py:536} INFO - Filling up the DagBag from /home/airflow/.local/lib/python3.8/site-packages/airflow/example_dags/example_complex.py
[2023-11-12T06:50:08.014+0000] {processor.py:839} INFO - DAG(s) dict_keys(['example_complex']) retrieved from /home/airflow/.local/lib/python3.8/site-packages/airflow/example_dags/example_complex.py
[2023-11-12T06:50:08.066+0000] {logging_mixin.py:154} INFO - [2023-11-12T06:50:08.066+0000] {dag.py:2941} INFO - Sync 1 DAGs
[2023-11-12T06:50:08.091+0000] {logging_mixin.py:154} INFO - [2023-11-12T06:50:08.090+0000] {dag.py:3722} INFO - Setting next_dagrun for example_complex to None, run_after=None
[2023-11-12T06:50:08.122+0000] {processor.py:179} INFO - Processing /home/airflow/.local/lib/python3.8/site-packages/airflow/example_dags/example_complex.py took 0.145 seconds
[2023-11-12T06:50:39.027+0000] {processor.py:157} INFO - Started process (PID=1276) to work on /home/airflow/.local/lib/python3.8/site-packages/airflow/example_dags/example_complex.py
[2023-11-12T06:50:39.031+0000] {processor.py:829} INFO - Processing file /home/airflow/.local/lib/python3.8/site-packages/airflow/example_dags/example_complex.py for tasks to queue
[2023-11-12T06:50:39.034+0000] {logging_mixin.py:154} INFO - [2023-11-12T06:50:39.033+0000] {dagbag.py:536} INFO - Filling up the DagBag from /home/airflow/.local/lib/python3.8/site-packages/airflow/example_dags/example_complex.py
[2023-11-12T06:50:39.058+0000] {processor.py:839} INFO - DAG(s) dict_keys(['example_complex']) retrieved from /home/airflow/.local/lib/python3.8/site-packages/airflow/example_dags/example_complex.py
[2023-11-12T06:50:39.214+0000] {logging_mixin.py:154} INFO - [2023-11-12T06:50:39.213+0000] {dag.py:2941} INFO - Sync 1 DAGs
[2023-11-12T06:50:39.242+0000] {logging_mixin.py:154} INFO - [2023-11-12T06:50:39.242+0000] {dag.py:3722} INFO - Setting next_dagrun for example_complex to None, run_after=None
[2023-11-12T06:50:39.272+0000] {processor.py:179} INFO - Processing /home/airflow/.local/lib/python3.8/site-packages/airflow/example_dags/example_complex.py took 0.251 seconds
