[2023-11-12T06:48:36.190+0000] {processor.py:157} INFO - Started process (PID=313) to work on /home/airflow/.local/lib/python3.8/site-packages/airflow/example_dags/example_branch_python_dop_operator_3.py
[2023-11-12T06:48:36.193+0000] {processor.py:829} INFO - Processing file /home/airflow/.local/lib/python3.8/site-packages/airflow/example_dags/example_branch_python_dop_operator_3.py for tasks to queue
[2023-11-12T06:48:36.195+0000] {logging_mixin.py:154} INFO - [2023-11-12T06:48:36.194+0000] {dagbag.py:536} INFO - Filling up the DagBag from /home/airflow/.local/lib/python3.8/site-packages/airflow/example_dags/example_branch_python_dop_operator_3.py
[2023-11-12T06:48:36.240+0000] {processor.py:839} INFO - DAG(s) dict_keys(['example_branch_dop_operator_v3']) retrieved from /home/airflow/.local/lib/python3.8/site-packages/airflow/example_dags/example_branch_python_dop_operator_3.py
[2023-11-12T06:48:36.309+0000] {logging_mixin.py:154} INFO - [2023-11-12T06:48:36.309+0000] {dag.py:2941} INFO - Sync 1 DAGs
[2023-11-12T06:48:36.372+0000] {logging_mixin.py:154} INFO - [2023-11-12T06:48:36.372+0000] {dag.py:3722} INFO - Setting next_dagrun for example_branch_dop_operator_v3 to 2023-11-12T06:47:00+00:00, run_after=2023-11-12T06:48:00+00:00
[2023-11-12T06:48:36.410+0000] {processor.py:179} INFO - Processing /home/airflow/.local/lib/python3.8/site-packages/airflow/example_dags/example_branch_python_dop_operator_3.py took 0.230 seconds
[2023-11-12T06:49:06.604+0000] {processor.py:157} INFO - Started process (PID=557) to work on /home/airflow/.local/lib/python3.8/site-packages/airflow/example_dags/example_branch_python_dop_operator_3.py
[2023-11-12T06:49:06.607+0000] {processor.py:829} INFO - Processing file /home/airflow/.local/lib/python3.8/site-packages/airflow/example_dags/example_branch_python_dop_operator_3.py for tasks to queue
[2023-11-12T06:49:06.609+0000] {logging_mixin.py:154} INFO - [2023-11-12T06:49:06.608+0000] {dagbag.py:536} INFO - Filling up the DagBag from /home/airflow/.local/lib/python3.8/site-packages/airflow/example_dags/example_branch_python_dop_operator_3.py
[2023-11-12T06:49:06.622+0000] {processor.py:839} INFO - DAG(s) dict_keys(['example_branch_dop_operator_v3']) retrieved from /home/airflow/.local/lib/python3.8/site-packages/airflow/example_dags/example_branch_python_dop_operator_3.py
[2023-11-12T06:49:06.660+0000] {logging_mixin.py:154} INFO - [2023-11-12T06:49:06.659+0000] {dag.py:2941} INFO - Sync 1 DAGs
[2023-11-12T06:49:06.696+0000] {logging_mixin.py:154} INFO - [2023-11-12T06:49:06.696+0000] {dag.py:3722} INFO - Setting next_dagrun for example_branch_dop_operator_v3 to 2023-11-12T06:48:00+00:00, run_after=2023-11-12T06:49:00+00:00
[2023-11-12T06:49:06.721+0000] {processor.py:179} INFO - Processing /home/airflow/.local/lib/python3.8/site-packages/airflow/example_dags/example_branch_python_dop_operator_3.py took 0.123 seconds
[2023-11-12T06:49:37.219+0000] {processor.py:157} INFO - Started process (PID=788) to work on /home/airflow/.local/lib/python3.8/site-packages/airflow/example_dags/example_branch_python_dop_operator_3.py
[2023-11-12T06:49:37.221+0000] {processor.py:829} INFO - Processing file /home/airflow/.local/lib/python3.8/site-packages/airflow/example_dags/example_branch_python_dop_operator_3.py for tasks to queue
[2023-11-12T06:49:37.222+0000] {logging_mixin.py:154} INFO - [2023-11-12T06:49:37.221+0000] {dagbag.py:536} INFO - Filling up the DagBag from /home/airflow/.local/lib/python3.8/site-packages/airflow/example_dags/example_branch_python_dop_operator_3.py
[2023-11-12T06:49:37.241+0000] {processor.py:839} INFO - DAG(s) dict_keys(['example_branch_dop_operator_v3']) retrieved from /home/airflow/.local/lib/python3.8/site-packages/airflow/example_dags/example_branch_python_dop_operator_3.py
[2023-11-12T06:49:37.281+0000] {logging_mixin.py:154} INFO - [2023-11-12T06:49:37.279+0000] {dag.py:2941} INFO - Sync 1 DAGs
[2023-11-12T06:49:37.331+0000] {logging_mixin.py:154} INFO - [2023-11-12T06:49:37.330+0000] {dag.py:3722} INFO - Setting next_dagrun for example_branch_dop_operator_v3 to 2023-11-12T06:48:00+00:00, run_after=2023-11-12T06:49:00+00:00
[2023-11-12T06:49:37.364+0000] {processor.py:179} INFO - Processing /home/airflow/.local/lib/python3.8/site-packages/airflow/example_dags/example_branch_python_dop_operator_3.py took 0.150 seconds
[2023-11-12T06:50:07.584+0000] {processor.py:157} INFO - Started process (PID=1028) to work on /home/airflow/.local/lib/python3.8/site-packages/airflow/example_dags/example_branch_python_dop_operator_3.py
[2023-11-12T06:50:07.586+0000] {processor.py:829} INFO - Processing file /home/airflow/.local/lib/python3.8/site-packages/airflow/example_dags/example_branch_python_dop_operator_3.py for tasks to queue
[2023-11-12T06:50:07.588+0000] {logging_mixin.py:154} INFO - [2023-11-12T06:50:07.587+0000] {dagbag.py:536} INFO - Filling up the DagBag from /home/airflow/.local/lib/python3.8/site-packages/airflow/example_dags/example_branch_python_dop_operator_3.py
[2023-11-12T06:50:07.604+0000] {processor.py:839} INFO - DAG(s) dict_keys(['example_branch_dop_operator_v3']) retrieved from /home/airflow/.local/lib/python3.8/site-packages/airflow/example_dags/example_branch_python_dop_operator_3.py
[2023-11-12T06:50:07.649+0000] {logging_mixin.py:154} INFO - [2023-11-12T06:50:07.649+0000] {dag.py:2941} INFO - Sync 1 DAGs
[2023-11-12T06:50:07.696+0000] {logging_mixin.py:154} INFO - [2023-11-12T06:50:07.696+0000] {dag.py:3722} INFO - Setting next_dagrun for example_branch_dop_operator_v3 to 2023-11-12T06:49:00+00:00, run_after=2023-11-12T06:50:00+00:00
[2023-11-12T06:50:07.730+0000] {processor.py:179} INFO - Processing /home/airflow/.local/lib/python3.8/site-packages/airflow/example_dags/example_branch_python_dop_operator_3.py took 0.153 seconds
[2023-11-12T06:50:37.997+0000] {processor.py:157} INFO - Started process (PID=1266) to work on /home/airflow/.local/lib/python3.8/site-packages/airflow/example_dags/example_branch_python_dop_operator_3.py
[2023-11-12T06:50:37.998+0000] {processor.py:829} INFO - Processing file /home/airflow/.local/lib/python3.8/site-packages/airflow/example_dags/example_branch_python_dop_operator_3.py for tasks to queue
[2023-11-12T06:50:37.999+0000] {logging_mixin.py:154} INFO - [2023-11-12T06:50:37.999+0000] {dagbag.py:536} INFO - Filling up the DagBag from /home/airflow/.local/lib/python3.8/site-packages/airflow/example_dags/example_branch_python_dop_operator_3.py
[2023-11-12T06:50:38.013+0000] {processor.py:839} INFO - DAG(s) dict_keys(['example_branch_dop_operator_v3']) retrieved from /home/airflow/.local/lib/python3.8/site-packages/airflow/example_dags/example_branch_python_dop_operator_3.py
[2023-11-12T06:50:38.045+0000] {logging_mixin.py:154} INFO - [2023-11-12T06:50:38.045+0000] {dag.py:2941} INFO - Sync 1 DAGs
[2023-11-12T06:50:38.078+0000] {logging_mixin.py:154} INFO - [2023-11-12T06:50:38.078+0000] {dag.py:3722} INFO - Setting next_dagrun for example_branch_dop_operator_v3 to 2023-11-12T06:49:00+00:00, run_after=2023-11-12T06:50:00+00:00
[2023-11-12T06:50:38.104+0000] {processor.py:179} INFO - Processing /home/airflow/.local/lib/python3.8/site-packages/airflow/example_dags/example_branch_python_dop_operator_3.py took 0.112 seconds
