[2023-11-12T06:48:31.110+0000] {processor.py:157} INFO - Started process (PID=168) to work on /home/airflow/.local/lib/python3.8/site-packages/airflow/example_dags/example_setup_teardown_taskflow.py
[2023-11-12T06:48:31.120+0000] {processor.py:829} INFO - Processing file /home/airflow/.local/lib/python3.8/site-packages/airflow/example_dags/example_setup_teardown_taskflow.py for tasks to queue
[2023-11-12T06:48:31.122+0000] {logging_mixin.py:154} INFO - [2023-11-12T06:48:31.121+0000] {dagbag.py:536} INFO - Filling up the DagBag from /home/airflow/.local/lib/python3.8/site-packages/airflow/example_dags/example_setup_teardown_taskflow.py
[2023-11-12T06:48:31.184+0000] {processor.py:839} INFO - DAG(s) dict_keys(['example_setup_teardown_taskflow']) retrieved from /home/airflow/.local/lib/python3.8/site-packages/airflow/example_dags/example_setup_teardown_taskflow.py
[2023-11-12T06:48:31.307+0000] {logging_mixin.py:154} INFO - [2023-11-12T06:48:31.306+0000] {dag.py:2941} INFO - Sync 1 DAGs
[2023-11-12T06:48:31.350+0000] {logging_mixin.py:154} INFO - [2023-11-12T06:48:31.350+0000] {dag.py:3722} INFO - Setting next_dagrun for example_setup_teardown_taskflow to 2023-11-11T06:48:31.349477+00:00, run_after=2023-11-12T06:48:31.349477+00:00
[2023-11-12T06:48:31.382+0000] {processor.py:179} INFO - Processing /home/airflow/.local/lib/python3.8/site-packages/airflow/example_dags/example_setup_teardown_taskflow.py took 0.295 seconds
[2023-11-12T06:49:01.526+0000] {processor.py:157} INFO - Started process (PID=402) to work on /home/airflow/.local/lib/python3.8/site-packages/airflow/example_dags/example_setup_teardown_taskflow.py
[2023-11-12T06:49:01.528+0000] {processor.py:829} INFO - Processing file /home/airflow/.local/lib/python3.8/site-packages/airflow/example_dags/example_setup_teardown_taskflow.py for tasks to queue
[2023-11-12T06:49:01.530+0000] {logging_mixin.py:154} INFO - [2023-11-12T06:49:01.529+0000] {dagbag.py:536} INFO - Filling up the DagBag from /home/airflow/.local/lib/python3.8/site-packages/airflow/example_dags/example_setup_teardown_taskflow.py
[2023-11-12T06:49:01.548+0000] {processor.py:839} INFO - DAG(s) dict_keys(['example_setup_teardown_taskflow']) retrieved from /home/airflow/.local/lib/python3.8/site-packages/airflow/example_dags/example_setup_teardown_taskflow.py
[2023-11-12T06:49:01.586+0000] {logging_mixin.py:154} INFO - [2023-11-12T06:49:01.586+0000] {dag.py:2941} INFO - Sync 1 DAGs
[2023-11-12T06:49:01.627+0000] {logging_mixin.py:154} INFO - [2023-11-12T06:49:01.627+0000] {dag.py:3722} INFO - Setting next_dagrun for example_setup_teardown_taskflow to 2023-11-11T06:49:01.626888+00:00, run_after=2023-11-12T06:49:01.626888+00:00
[2023-11-12T06:49:01.650+0000] {processor.py:179} INFO - Processing /home/airflow/.local/lib/python3.8/site-packages/airflow/example_dags/example_setup_teardown_taskflow.py took 0.131 seconds
[2023-11-12T06:49:31.801+0000] {processor.py:157} INFO - Started process (PID=640) to work on /home/airflow/.local/lib/python3.8/site-packages/airflow/example_dags/example_setup_teardown_taskflow.py
[2023-11-12T06:49:31.802+0000] {processor.py:829} INFO - Processing file /home/airflow/.local/lib/python3.8/site-packages/airflow/example_dags/example_setup_teardown_taskflow.py for tasks to queue
[2023-11-12T06:49:31.804+0000] {logging_mixin.py:154} INFO - [2023-11-12T06:49:31.804+0000] {dagbag.py:536} INFO - Filling up the DagBag from /home/airflow/.local/lib/python3.8/site-packages/airflow/example_dags/example_setup_teardown_taskflow.py
[2023-11-12T06:49:31.823+0000] {processor.py:839} INFO - DAG(s) dict_keys(['example_setup_teardown_taskflow']) retrieved from /home/airflow/.local/lib/python3.8/site-packages/airflow/example_dags/example_setup_teardown_taskflow.py
[2023-11-12T06:49:31.862+0000] {logging_mixin.py:154} INFO - [2023-11-12T06:49:31.862+0000] {dag.py:2941} INFO - Sync 1 DAGs
[2023-11-12T06:49:31.900+0000] {logging_mixin.py:154} INFO - [2023-11-12T06:49:31.900+0000] {dag.py:3722} INFO - Setting next_dagrun for example_setup_teardown_taskflow to 2023-11-11T06:49:31.899661+00:00, run_after=2023-11-12T06:49:31.899661+00:00
[2023-11-12T06:49:31.931+0000] {processor.py:179} INFO - Processing /home/airflow/.local/lib/python3.8/site-packages/airflow/example_dags/example_setup_teardown_taskflow.py took 0.137 seconds
[2023-11-12T06:50:02.637+0000] {processor.py:157} INFO - Started process (PID=881) to work on /home/airflow/.local/lib/python3.8/site-packages/airflow/example_dags/example_setup_teardown_taskflow.py
[2023-11-12T06:50:02.638+0000] {processor.py:829} INFO - Processing file /home/airflow/.local/lib/python3.8/site-packages/airflow/example_dags/example_setup_teardown_taskflow.py for tasks to queue
[2023-11-12T06:50:02.640+0000] {logging_mixin.py:154} INFO - [2023-11-12T06:50:02.639+0000] {dagbag.py:536} INFO - Filling up the DagBag from /home/airflow/.local/lib/python3.8/site-packages/airflow/example_dags/example_setup_teardown_taskflow.py
[2023-11-12T06:50:02.660+0000] {processor.py:839} INFO - DAG(s) dict_keys(['example_setup_teardown_taskflow']) retrieved from /home/airflow/.local/lib/python3.8/site-packages/airflow/example_dags/example_setup_teardown_taskflow.py
[2023-11-12T06:50:02.697+0000] {logging_mixin.py:154} INFO - [2023-11-12T06:50:02.696+0000] {dag.py:2941} INFO - Sync 1 DAGs
[2023-11-12T06:50:02.744+0000] {logging_mixin.py:154} INFO - [2023-11-12T06:50:02.743+0000] {dag.py:3722} INFO - Setting next_dagrun for example_setup_teardown_taskflow to 2023-11-11T06:50:02.743381+00:00, run_after=2023-11-12T06:50:02.743381+00:00
[2023-11-12T06:50:02.778+0000] {processor.py:179} INFO - Processing /home/airflow/.local/lib/python3.8/site-packages/airflow/example_dags/example_setup_teardown_taskflow.py took 0.146 seconds
[2023-11-12T06:50:33.040+0000] {processor.py:157} INFO - Started process (PID=1119) to work on /home/airflow/.local/lib/python3.8/site-packages/airflow/example_dags/example_setup_teardown_taskflow.py
[2023-11-12T06:50:33.041+0000] {processor.py:829} INFO - Processing file /home/airflow/.local/lib/python3.8/site-packages/airflow/example_dags/example_setup_teardown_taskflow.py for tasks to queue
[2023-11-12T06:50:33.042+0000] {logging_mixin.py:154} INFO - [2023-11-12T06:50:33.042+0000] {dagbag.py:536} INFO - Filling up the DagBag from /home/airflow/.local/lib/python3.8/site-packages/airflow/example_dags/example_setup_teardown_taskflow.py
[2023-11-12T06:50:33.066+0000] {processor.py:839} INFO - DAG(s) dict_keys(['example_setup_teardown_taskflow']) retrieved from /home/airflow/.local/lib/python3.8/site-packages/airflow/example_dags/example_setup_teardown_taskflow.py
[2023-11-12T06:50:33.108+0000] {logging_mixin.py:154} INFO - [2023-11-12T06:50:33.108+0000] {dag.py:2941} INFO - Sync 1 DAGs
[2023-11-12T06:50:33.157+0000] {logging_mixin.py:154} INFO - [2023-11-12T06:50:33.156+0000] {dag.py:3722} INFO - Setting next_dagrun for example_setup_teardown_taskflow to 2023-11-11T06:50:33.156369+00:00, run_after=2023-11-12T06:50:33.156369+00:00
[2023-11-12T06:50:33.191+0000] {processor.py:179} INFO - Processing /home/airflow/.local/lib/python3.8/site-packages/airflow/example_dags/example_setup_teardown_taskflow.py took 0.156 seconds
