[2023-11-16T08:59:22.108+0000] {taskinstance.py:1159} INFO - Dependencies all met for dep_context=non-requeueable deps ti=<TaskInstance: change_working_dir_example.change_working_directory_task scheduled__2023-11-14T00:00:00+00:00 [queued]>
[2023-11-16T08:59:22.119+0000] {taskinstance.py:1159} INFO - Dependencies all met for dep_context=requeueable deps ti=<TaskInstance: change_working_dir_example.change_working_directory_task scheduled__2023-11-14T00:00:00+00:00 [queued]>
[2023-11-16T08:59:22.119+0000] {taskinstance.py:1361} INFO - Starting attempt 2 of 2
[2023-11-16T08:59:22.141+0000] {taskinstance.py:1382} INFO - Executing <Task(PythonOperator): change_working_directory_task> on 2023-11-14 00:00:00+00:00
[2023-11-16T08:59:22.148+0000] {standard_task_runner.py:57} INFO - Started process 2250 to run task
[2023-11-16T08:59:22.157+0000] {standard_task_runner.py:84} INFO - Running: ['***', 'tasks', 'run', 'change_working_dir_example', 'change_working_directory_task', 'scheduled__2023-11-14T00:00:00+00:00', '--job-id', '777', '--raw', '--subdir', 'DAGS_FOLDER/working-directory.py', '--cfg-path', '/tmp/tmp50zoia0l']
[2023-11-16T08:59:22.162+0000] {standard_task_runner.py:85} INFO - Job 777: Subtask change_working_directory_task
[2023-11-16T08:59:22.235+0000] {task_command.py:416} INFO - Running <TaskInstance: change_working_dir_example.change_working_directory_task scheduled__2023-11-14T00:00:00+00:00 [running]> on host 4c85f18ab3d7
[2023-11-16T08:59:22.362+0000] {taskinstance.py:1662} INFO - Exporting env vars: AIRFLOW_CTX_DAG_OWNER='nguyenthung' AIRFLOW_CTX_DAG_ID='change_working_dir_example' AIRFLOW_CTX_TASK_ID='change_working_directory_task' AIRFLOW_CTX_EXECUTION_DATE='2023-11-14T00:00:00+00:00' AIRFLOW_CTX_TRY_NUMBER='2' AIRFLOW_CTX_DAG_RUN_ID='scheduled__2023-11-14T00:00:00+00:00'
[2023-11-16T08:59:22.363+0000] {taskinstance.py:1937} ERROR - Task failed with exception
Traceback (most recent call last):
  File "/home/airflow/.local/lib/python3.8/site-packages/airflow/operators/python.py", line 192, in execute
    return_value = self.execute_callable()
  File "/home/airflow/.local/lib/python3.8/site-packages/airflow/operators/python.py", line 209, in execute_callable
    return self.python_callable(*self.op_args, **self.op_kwargs)
  File "/opt/airflow/dags/working-directory.py", line 10, in change_working_directory
    os.chdir(new_directory)
FileNotFoundError: [Errno 2] No such file or directory: '/home/nguyenthung/Desktop/Docker-Airflow'
[2023-11-16T08:59:22.374+0000] {taskinstance.py:1400} INFO - Marking task as FAILED. dag_id=change_working_dir_example, task_id=change_working_directory_task, execution_date=20231114T000000, start_date=20231116T085922, end_date=20231116T085922
[2023-11-16T08:59:22.388+0000] {standard_task_runner.py:104} ERROR - Failed to execute job 777 for task change_working_directory_task ([Errno 2] No such file or directory: '/home/nguyenthung/Desktop/Docker-Airflow'; 2250)
[2023-11-16T08:59:22.418+0000] {local_task_job_runner.py:228} INFO - Task exited with return code 1
[2023-11-16T08:59:22.441+0000] {taskinstance.py:2778} INFO - 0 downstream tasks scheduled from follow-on schedule check
