[2023-11-15T09:07:35.299+0000] {taskinstance.py:1159} INFO - Dependencies all met for dep_context=non-requeueable deps ti=<TaskInstance: dag_spark_operator.submit_job scheduled__2023-09-09T00:00:00+00:00 [queued]>
[2023-11-15T09:07:35.331+0000] {taskinstance.py:1159} INFO - Dependencies all met for dep_context=requeueable deps ti=<TaskInstance: dag_spark_operator.submit_job scheduled__2023-09-09T00:00:00+00:00 [queued]>
[2023-11-15T09:07:35.331+0000] {taskinstance.py:1361} INFO - Starting attempt 1 of 2
[2023-11-15T09:07:35.409+0000] {taskinstance.py:1382} INFO - Executing <Task(SparkSubmitOperator): submit_job> on 2023-09-09 00:00:00+00:00
[2023-11-15T09:07:35.440+0000] {standard_task_runner.py:57} INFO - Started process 27320 to run task
[2023-11-15T09:07:35.459+0000] {standard_task_runner.py:84} INFO - Running: ['***', 'tasks', 'run', 'dag_spark_operator', 'submit_job', 'scheduled__2023-09-09T00:00:00+00:00', '--job-id', '595', '--raw', '--subdir', 'DAGS_FOLDER/spark-dag.py', '--cfg-path', '/tmp/tmptpqpo52g']
[2023-11-15T09:07:35.474+0000] {standard_task_runner.py:85} INFO - Job 595: Subtask submit_job
[2023-11-15T09:07:35.685+0000] {task_command.py:416} INFO - Running <TaskInstance: dag_spark_operator.submit_job scheduled__2023-09-09T00:00:00+00:00 [running]> on host 0b4ee09dd7e8
[2023-11-15T09:07:35.931+0000] {taskinstance.py:1662} INFO - Exporting env vars: AIRFLOW_CTX_DAG_OWNER='nguyenthung' AIRFLOW_CTX_DAG_ID='dag_spark_operator' AIRFLOW_CTX_TASK_ID='submit_job' AIRFLOW_CTX_EXECUTION_DATE='2023-09-09T00:00:00+00:00' AIRFLOW_CTX_TRY_NUMBER='1' AIRFLOW_CTX_DAG_RUN_ID='scheduled__2023-09-09T00:00:00+00:00'
[2023-11-15T09:07:35.948+0000] {base.py:73} INFO - Using connection ID 'spark_default' for task execution.
[2023-11-15T09:07:35.949+0000] {spark_submit.py:340} INFO - Spark-Submit cmd: spark-submit --master spark://master:4503 --num-executors 1 --total-executor-cores 1 --executor-cores 1 --executor-memory 2g --driver-memory 2g --name arrow-spark include/spark_script.py
[2023-11-15T09:07:36.356+0000] {spark_submit.py:491} INFO - /home/***/.local/lib/python3.8/site-packages/pyspark/bin/load-spark-env.sh: line 68: ps: command not found
[2023-11-15T09:07:36.373+0000] {spark_submit.py:491} INFO - JAVA_HOME is not set
[2023-11-15T09:07:36.390+0000] {taskinstance.py:1937} ERROR - Task failed with exception
Traceback (most recent call last):
  File "/home/airflow/.local/lib/python3.8/site-packages/airflow/providers/apache/spark/operators/spark_submit.py", line 156, in execute
    self._hook.submit(self._application)
  File "/home/airflow/.local/lib/python3.8/site-packages/airflow/providers/apache/spark/hooks/spark_submit.py", line 422, in submit
    raise AirflowException(
airflow.exceptions.AirflowException: Cannot execute: spark-submit --master spark://master:4503 --num-executors 1 --total-executor-cores 1 --executor-cores 1 --executor-memory 2g --driver-memory 2g --name arrow-spark include/spark_script.py. Error code is: 1.
[2023-11-15T09:07:36.400+0000] {taskinstance.py:1400} INFO - Marking task as UP_FOR_RETRY. dag_id=dag_spark_operator, task_id=submit_job, execution_date=20230909T000000, start_date=20231115T090735, end_date=20231115T090736
[2023-11-15T09:07:36.448+0000] {standard_task_runner.py:104} ERROR - Failed to execute job 595 for task submit_job (Cannot execute: spark-submit --master spark://master:4503 --num-executors 1 --total-executor-cores 1 --executor-cores 1 --executor-memory 2g --driver-memory 2g --name arrow-spark include/spark_script.py. Error code is: 1.; 27320)
[2023-11-15T09:07:36.500+0000] {local_task_job_runner.py:228} INFO - Task exited with return code 1
[2023-11-15T09:07:36.530+0000] {taskinstance.py:2778} INFO - 0 downstream tasks scheduled from follow-on schedule check
